2011-04-25 12:03:09 Notice: Notice (1024): Please change the value of 'Security.salt' in app/config/core.php to a salt value specific to your application in [/Users/adriencanterot/Sites/Cahier/cake/libs/debugger.php, line 684]
2011-04-25 12:03:09 Notice: Notice (1024): Please change the value of 'Security.cipherSeed' in app/config/core.php to a numeric (digits only) seed value specific to your application in [/Users/adriencanterot/Sites/Cahier/cake/libs/debugger.php, line 688]
2011-04-25 12:04:58 Notice: Notice (8): Undefined property: HomesController::$Document in [/Users/adriencanterot/Sites/Cahier/app/app_controller.php, line 10]
2011-04-25 13:22:59 Notice: Notice (1024): Please change the value of 'Security.salt' in app/config/core.php to a salt value specific to your application in [/Users/adriencanterot/Sites/Cahier/cake/libs/debugger.php, line 684]
2011-04-25 13:22:59 Notice: Notice (1024): Please change the value of 'Security.cipherSeed' in app/config/core.php to a numeric (digits only) seed value specific to your application in [/Users/adriencanterot/Sites/Cahier/cake/libs/debugger.php, line 688]
2011-04-25 13:30:14 Notice: Notice (8): Undefined index:  type_id in [/Users/adriencanterot/Sites/Cahier/app/views/documents/index.ctp, line 14]
2011-04-25 13:48:59 Notice: Notice (8): Undefined variable: subjectlist in [/Users/adriencanterot/Sites/Cahier/app/views/elements/subjects_documents.ctp, line 1]
2011-04-25 21:06:01 Notice: Notice (8): Undefined index:  name in [/Users/adriencanterot/Sites/Cahier/app/views/elements/subjects_documents.ctp, line 3]
2011-04-25 21:06:32 Notice: Notice (8): Undefined index:  Event in [/Users/adriencanterot/Sites/Cahier/app/views/elements/subjects_documents.ctp, line 3]
2011-04-25 21:06:34 Notice: Notice (8): Undefined index:  Event in [/Users/adriencanterot/Sites/Cahier/app/views/elements/subjects_documents.ctp, line 3]
2011-04-25 21:06:35 Notice: Notice (8): Undefined index:  Event in [/Users/adriencanterot/Sites/Cahier/app/views/elements/subjects_documents.ctp, line 3]
2011-04-25 21:06:36 Notice: Notice (8): Undefined index:  Event in [/Users/adriencanterot/Sites/Cahier/app/views/elements/subjects_documents.ctp, line 3]
2011-04-25 21:24:38 Notice: Notice (8): Undefined index:  type in [/Users/adriencanterot/Sites/Cahier/cake/libs/view/helpers/form.php, line 274]
2011-04-25 21:24:38 Notice: Notice (8): Undefined index:  type in [/Users/adriencanterot/Sites/Cahier/cake/libs/view/helpers/form.php, line 291]
2011-04-25 21:24:38 Notice: Notice (8): Undefined index:  default in [/Users/adriencanterot/Sites/Cahier/cake/libs/view/helpers/form.php, line 296]
2011-04-25 21:24:38 Notice: Notice (8): Undefined index:  before in [/Users/adriencanterot/Sites/Cahier/cake/libs/view/helpers/form.php, line 855]
2011-04-25 21:24:38 Notice: Notice (8): Undefined index:  between in [/Users/adriencanterot/Sites/Cahier/cake/libs/view/helpers/form.php, line 855]
2011-04-25 21:24:38 Notice: Notice (8): Undefined index:  after in [/Users/adriencanterot/Sites/Cahier/cake/libs/view/helpers/form.php, line 855]
2011-04-25 21:24:38 Notice: Notice (8): Undefined index:  format in [/Users/adriencanterot/Sites/Cahier/cake/libs/view/helpers/form.php, line 858]
2011-04-25 21:42:21 Notice: Notice (8): Undefined variable: subjectlist in [/Users/adriencanterot/Sites/Cahier/app/views/layouts/homes.ctp, line 57]
2011-04-25 21:42:58 Notice: Notice (8): Undefined variable: subjectlist in [/Users/adriencanterot/Sites/Cahier/app/views/layouts/homes.ctp, line 57]
2011-04-25 21:44:08 Notice: Notice (8): Undefined variable: subjectlist in [/Users/adriencanterot/Sites/Cahier/app/views/layouts/homes.ctp, line 57]
2011-04-25 21:44:09 Notice: Notice (8): Undefined variable: subjectlist in [/Users/adriencanterot/Sites/Cahier/app/views/layouts/homes.ctp, line 57]
2011-04-25 21:44:10 Notice: Notice (8): Undefined variable: subjectlist in [/Users/adriencanterot/Sites/Cahier/app/views/layouts/homes.ctp, line 57]
2011-04-25 21:44:22 Notice: Notice (8): Undefined variable: subjectlist in [/Users/adriencanterot/Sites/Cahier/app/views/layouts/homes.ctp, line 57]
2011-04-25 21:44:25 Notice: Notice (8): Undefined variable: subjectlist in [/Users/adriencanterot/Sites/Cahier/app/views/layouts/homes.ctp, line 57]
2011-04-25 21:44:27 Notice: Notice (8): Undefined variable: subjectlist in [/Users/adriencanterot/Sites/Cahier/app/views/layouts/homes.ctp, line 57]
2011-04-25 21:44:28 Notice: Notice (8): Undefined variable: subjectlist in [/Users/adriencanterot/Sites/Cahier/app/views/layouts/homes.ctp, line 57]
2011-04-25 21:46:06 Notice: Notice (8): Undefined variable: subjectlist in [/Users/adriencanterot/Sites/Cahier/app/views/layouts/homes.ctp, line 57]
2011-04-25 21:46:07 Notice: Notice (8): Undefined variable: subjectlist in [/Users/adriencanterot/Sites/Cahier/app/views/layouts/homes.ctp, line 57]
2011-04-25 21:46:25 Notice: Notice (8): Undefined variable: subjectlist in [/Users/adriencanterot/Sites/Cahier/app/views/layouts/homes.ctp, line 57]
2011-04-25 21:46:25 Notice: Notice (8): Undefined variable: subjectlist in [/Users/adriencanterot/Sites/Cahier/app/views/layouts/homes.ctp, line 57]
2011-04-25 21:49:02 Notice: Notice (8): Undefined variable: subjectlist in [/Users/adriencanterot/Sites/Cahier/app/views/layouts/homes.ctp, line 57]
2011-04-25 21:49:03 Notice: Notice (8): Undefined variable: subjectlist in [/Users/adriencanterot/Sites/Cahier/app/views/layouts/homes.ctp, line 57]
2011-04-25 21:49:05 Notice: Notice (8): Undefined variable: subjectlist in [/Users/adriencanterot/Sites/Cahier/app/views/layouts/homes.ctp, line 57]
2011-04-25 21:51:35 Notice: Notice (8): Undefined variable: subjectlist in [/Users/adriencanterot/Sites/Cahier/app/views/layouts/homes.ctp, line 57]
2011-04-25 21:51:37 Notice: Notice (8): Undefined variable: subjectlist in [/Users/adriencanterot/Sites/Cahier/app/views/layouts/homes.ctp, line 57]
2011-04-25 21:51:37 Notice: Notice (8): Undefined variable: subjectlist in [/Users/adriencanterot/Sites/Cahier/app/views/layouts/homes.ctp, line 57]
2011-04-25 21:51:38 Notice: Notice (8): Undefined variable: subjectlist in [/Users/adriencanterot/Sites/Cahier/app/views/layouts/homes.ctp, line 57]
2011-04-25 21:51:38 Notice: Notice (8): Undefined variable: subjectlist in [/Users/adriencanterot/Sites/Cahier/app/views/layouts/homes.ctp, line 57]
2011-04-25 21:51:39 Notice: Notice (8): Undefined variable: subjectlist in [/Users/adriencanterot/Sites/Cahier/app/views/layouts/homes.ctp, line 57]
2011-04-25 21:51:59 Notice: Notice (8): Undefined variable: subjectlist in [/Users/adriencanterot/Sites/Cahier/app/views/layouts/homes.ctp, line 57]
2011-04-25 21:52:00 Notice: Notice (8): Undefined variable: subjectlist in [/Users/adriencanterot/Sites/Cahier/app/views/layouts/homes.ctp, line 57]
2011-04-25 21:52:19 Notice: Notice (8): Undefined variable: subjectlist in [/Users/adriencanterot/Sites/Cahier/app/views/layouts/homes.ctp, line 57]
2011-04-25 21:52:29 Notice: Notice (8): Undefined variable: subjectlist in [/Users/adriencanterot/Sites/Cahier/app/views/layouts/homes.ctp, line 57]
2011-04-25 21:53:18 Notice: Notice (8): Undefined variable: subjectlist in [/Users/adriencanterot/Sites/Cahier/app/views/layouts/homes.ctp, line 57]
2011-04-25 21:53:19 Notice: Notice (8): Undefined variable: subjectlist in [/Users/adriencanterot/Sites/Cahier/app/views/layouts/homes.ctp, line 57]
2011-04-26 11:03:08 Notice: Notice (8): Undefined variable: subjectlist in [/Users/adriencanterot/Sites/Cahier/app/views/layouts/homes.ctp, line 57]
2011-04-26 11:03:08 Notice: Notice (8): Undefined variable: eventlist in [/Users/adriencanterot/Sites/Cahier/app/views/layouts/homes.ctp, line 62]
2011-04-26 11:07:44 Notice: Notice (8): Object of class Event to string conversion in [/Users/adriencanterot/Sites/Cahier/cake/libs/inflector.php, line 514]
2011-04-26 11:33:35 Notice: Notice (8): Undefined property: View::$Controller in [/Users/adriencanterot/Sites/Cahier/app/views/layouts/homes.ctp, line 64]
2011-04-26 11:39:10 Notice: Notice (8): Undefined property: EventsController::$Document in [/Users/adriencanterot/Sites/Cahier/app/app_controller.php, line 15]
2011-04-26 11:43:36 Notice: Notice (8): Undefined variable: documents in [/Users/adriencanterot/Sites/Cahier/app/views/elements/add_event.ctp, line 10]
2011-04-26 11:53:51 Notice: Notice (8): Undefined index:  extension in [/Users/adriencanterot/Sites/Cahier/app/models/document.php, line 18]
2011-04-26 16:01:30 Notice: Notice (8): Undefined variable: session in [/Users/adriencanterot/Sites/Cahier/app/views/layouts/homes.ctp, line 70]
2011-04-26 16:01:33 Notice: Notice (8): Undefined variable: session in [/Users/adriencanterot/Sites/Cahier/app/views/layouts/homes.ctp, line 70]
2011-04-26 16:01:34 Notice: Notice (8): Undefined variable: session in [/Users/adriencanterot/Sites/Cahier/app/views/layouts/homes.ctp, line 70]
2011-04-26 16:01:45 Notice: Notice (8): Undefined variable: session in [/Users/adriencanterot/Sites/Cahier/app/views/students/login.ctp, line 3]
2011-04-26 16:01:48 Notice: Notice (8): Undefined variable: session in [/Users/adriencanterot/Sites/Cahier/app/views/students/login.ctp, line 3]
2011-04-26 16:01:52 Notice: Notice (8): Undefined variable: session in [/Users/adriencanterot/Sites/Cahier/app/views/students/login.ctp, line 3]
2011-04-26 16:19:01 Notice: Notice (8): Undefined variable: ajax in [/Users/adriencanterot/Sites/Cahier/app/views/elements/eventlist.ctp, line 2]
2011-04-26 16:20:10 Notice: Notice (8): Undefined variable: ajax in [/Users/adriencanterot/Sites/Cahier/app/views/elements/eventlist.ctp, line 2]
2011-04-26 16:20:24 Notice: Notice (8): Undefined variable: Js in [/Users/adriencanterot/Sites/Cahier/app/views/elements/eventlist.ctp, line 2]
2011-04-26 16:21:54 Notice: Notice (8): Undefined variable: session in [/Users/adriencanterot/Sites/Cahier/app/views/layouts/homes.ctp, line 71]
2011-04-26 16:36:08 Notice: Notice (8): Undefined variable: ajax in [/Users/adriencanterot/Sites/Cahier/app/views/elements/subjects_documents.ctp, line 2]
2011-04-26 16:36:23 Notice: Notice (8): Undefined property: ScaffoldView::$Js in [/Users/adriencanterot/Sites/Cahier/app/views/elements/eventlist.ctp, line 2]
2011-04-26 16:37:39 Notice: Notice (8): Undefined property: ScaffoldView::$Js in [/Users/adriencanterot/Sites/Cahier/app/views/elements/eventlist.ctp, line 2]
2011-04-26 16:39:25 Notice: Notice (8): Undefined property: View::$Js in [/Users/adriencanterot/Sites/Cahier/app/views/elements/eventlist.ctp, line 2]
2011-04-29 20:43:38 Notice: Notice (8): Undefined index:  Document in [/Users/adriencanterot/Sites/Cahier/app/views/events/index.ctp, line 17]
2011-04-29 20:47:05 Notice: Notice (8): Undefined variable: eventelement in [/Users/adriencanterot/Sites/Cahier/app/views/elements/eventlist.ctp, line 1]
2011-04-29 21:14:58 Notice: Notice (8): A non well formed numeric value encountered in [/Users/adriencanterot/Sites/Cahier/app/views/helpers/date.php, line 7]
2011-04-29 21:14:58 Notice: Notice (8): A non well formed numeric value encountered in [/Users/adriencanterot/Sites/Cahier/app/views/helpers/date.php, line 13]
2011-04-29 21:21:39 Notice: Notice (8): A non well formed numeric value encountered in [/Users/adriencanterot/Sites/Cahier/app/views/helpers/date.php, line 7]
2011-04-29 21:50:52 Notice: Notice (8): Undefined property: Event::$Document in [/Users/adriencanterot/Sites/Cahier/app/controllers/documents_controller.php, line 34]
2011-04-29 21:51:11 Notice: Notice (8): Undefined index:  Document in [/Users/adriencanterot/Sites/Cahier/app/views/documents/index.ctp, line 12]
2011-04-29 21:51:11 Notice: Notice (8): Undefined index:  Document in [/Users/adriencanterot/Sites/Cahier/app/views/documents/index.ctp, line 14]
2011-04-29 21:51:11 Notice: Notice (8): Undefined index:  Document in [/Users/adriencanterot/Sites/Cahier/app/views/documents/index.ctp, line 17]
2011-04-29 21:51:38 Notice: Notice (8): Undefined index:  Document in [/Users/adriencanterot/Sites/Cahier/app/views/documents/index.ctp, line 12]
2011-04-29 21:51:38 Notice: Notice (8): Undefined index:  Document in [/Users/adriencanterot/Sites/Cahier/app/views/documents/index.ctp, line 14]
2011-04-29 21:51:38 Notice: Notice (8): Undefined index:  Document in [/Users/adriencanterot/Sites/Cahier/app/views/documents/index.ctp, line 17]
2011-04-29 21:53:44 Notice: Notice (8): Undefined index:  Document in [/Users/adriencanterot/Sites/Cahier/app/views/documents/index.ctp, line 12]
2011-04-29 21:53:44 Notice: Notice (8): Undefined index:  Document in [/Users/adriencanterot/Sites/Cahier/app/views/documents/index.ctp, line 14]
2011-04-29 21:53:44 Notice: Notice (8): Undefined index:  Document in [/Users/adriencanterot/Sites/Cahier/app/views/documents/index.ctp, line 17]
2011-04-29 21:53:55 Notice: Notice (8): Undefined index:  Document in [/Users/adriencanterot/Sites/Cahier/app/views/documents/index.ctp, line 14]
2011-04-29 21:53:55 Notice: Notice (8): Undefined index:  Document in [/Users/adriencanterot/Sites/Cahier/app/views/documents/index.ctp, line 17]
2011-04-29 21:54:10 Notice: Notice (8): Undefined index:  Document in [/Users/adriencanterot/Sites/Cahier/app/views/documents/index.ctp, line 12]
2011-04-29 21:54:10 Notice: Notice (8): Undefined index:  Document in [/Users/adriencanterot/Sites/Cahier/app/views/documents/index.ctp, line 14]
2011-04-29 21:54:10 Notice: Notice (8): Undefined index:  Document in [/Users/adriencanterot/Sites/Cahier/app/views/documents/index.ctp, line 17]
2011-04-29 21:54:51 Notice: Notice (8): Undefined index:  Document in [/Users/adriencanterot/Sites/Cahier/app/views/documents/index.ctp, line 12]
2011-04-29 21:54:51 Notice: Notice (8): Undefined index:  Document in [/Users/adriencanterot/Sites/Cahier/app/views/documents/index.ctp, line 14]
2011-04-29 21:54:51 Notice: Notice (8): Undefined index:  Document in [/Users/adriencanterot/Sites/Cahier/app/views/documents/index.ctp, line 17]
2011-04-29 21:57:28 Notice: Notice (8): Undefined index:  Document in [/Users/adriencanterot/Sites/Cahier/app/views/documents/index.ctp, line 12]
2011-04-29 21:57:28 Notice: Notice (8): Undefined index:  Document in [/Users/adriencanterot/Sites/Cahier/app/views/documents/index.ctp, line 14]
2011-04-29 21:57:28 Notice: Notice (8): Undefined index:  Document in [/Users/adriencanterot/Sites/Cahier/app/views/documents/index.ctp, line 17]
2011-04-29 21:58:34 Notice: Notice (8): Undefined variable: documentlist in [/Users/adriencanterot/Sites/Cahier/app/views/documents/index.ctp, line 10]
2011-04-29 21:59:03 Notice: Notice (8): Undefined variable: documentlist in [/Users/adriencanterot/Sites/Cahier/app/views/documents/index.ctp, line 10]
2011-04-29 21:59:23 Notice: Notice (8): Undefined variable: debug in [/Users/adriencanterot/Sites/Cahier/app/views/layouts/homes.ctp, line 76]
2011-04-29 21:59:30 Notice: Notice (8): Undefined variable: documentlist in [/Users/adriencanterot/Sites/Cahier/app/views/documents/index.ctp, line 10]
2011-04-29 21:59:34 Notice: Notice (8): Undefined variable: debug in [/Users/adriencanterot/Sites/Cahier/app/views/layouts/homes.ctp, line 76]
2011-04-29 21:59:36 Notice: Notice (8): Undefined variable: debug in [/Users/adriencanterot/Sites/Cahier/app/views/layouts/homes.ctp, line 76]
2011-04-29 21:59:40 Notice: Notice (8): Undefined variable: debug in [/Users/adriencanterot/Sites/Cahier/app/views/layouts/homes.ctp, line 76]
2011-04-29 21:59:42 Notice: Notice (8): Undefined variable: debug in [/Users/adriencanterot/Sites/Cahier/app/views/layouts/homes.ctp, line 76]
2011-04-29 21:59:45 Notice: Notice (8): Undefined variable: debug in [/Users/adriencanterot/Sites/Cahier/app/views/layouts/homes.ctp, line 76]
2011-04-29 21:59:47 Notice: Notice (8): Undefined variable: debug in [/Users/adriencanterot/Sites/Cahier/app/views/layouts/homes.ctp, line 76]
2011-04-29 21:59:48 Notice: Notice (8): Undefined variable: debug in [/Users/adriencanterot/Sites/Cahier/app/views/layouts/homes.ctp, line 76]
2011-04-29 21:59:49 Notice: Notice (8): Undefined variable: debug in [/Users/adriencanterot/Sites/Cahier/app/views/layouts/homes.ctp, line 76]
2011-04-29 21:59:50 Notice: Notice (8): Undefined variable: debug in [/Users/adriencanterot/Sites/Cahier/app/views/layouts/homes.ctp, line 76]
2011-04-29 21:59:51 Notice: Notice (8): Undefined variable: debug in [/Users/adriencanterot/Sites/Cahier/app/views/layouts/homes.ctp, line 76]
2011-04-29 21:59:52 Notice: Notice (8): Undefined variable: debug in [/Users/adriencanterot/Sites/Cahier/app/views/layouts/homes.ctp, line 76]
2011-04-29 21:59:55 Notice: Notice (8): Undefined variable: debug in [/Users/adriencanterot/Sites/Cahier/app/views/layouts/homes.ctp, line 76]
2011-04-29 21:59:56 Notice: Notice (8): Undefined variable: debug in [/Users/adriencanterot/Sites/Cahier/app/views/layouts/homes.ctp, line 76]
2011-04-29 21:59:58 Notice: Notice (8): Undefined variable: debug in [/Users/adriencanterot/Sites/Cahier/app/views/layouts/homes.ctp, line 76]
2011-04-29 22:00:00 Notice: Notice (8): Undefined variable: documentlist in [/Users/adriencanterot/Sites/Cahier/app/views/documents/index.ctp, line 10]
2011-04-29 22:00:21 Notice: Notice (8): Undefined index:  Document in [/Users/adriencanterot/Sites/Cahier/app/views/documents/index.ctp, line 12]
2011-04-29 22:00:21 Notice: Notice (8): Undefined index:  Document in [/Users/adriencanterot/Sites/Cahier/app/views/documents/index.ctp, line 14]
2011-04-29 22:00:21 Notice: Notice (8): Undefined index:  Document in [/Users/adriencanterot/Sites/Cahier/app/views/documents/index.ctp, line 17]
2011-04-29 22:00:21 Notice: Notice (8): Undefined variable: debug in [/Users/adriencanterot/Sites/Cahier/app/views/layouts/homes.ctp, line 76]
2011-04-29 22:01:07 Notice: Notice (8): Undefined variable: documentlist in [/Users/adriencanterot/Sites/Cahier/app/views/documents/index.ctp, line 10]
2011-04-29 22:02:01 Notice: Notice (8): Undefined variable: documentlist in [/Users/adriencanterot/Sites/Cahier/app/views/documents/index.ctp, line 10]
2011-04-29 22:02:01 Notice: Notice (8): Undefined variable: debug in [/Users/adriencanterot/Sites/Cahier/app/views/layouts/homes.ctp, line 76]
2011-04-29 22:02:59 Notice: Notice (8): Undefined index:  Document in [/Users/adriencanterot/Sites/Cahier/app/controllers/documents_controller.php, line 37]
2011-04-29 22:02:59 Notice: Notice (8): Undefined variable: debug in [/Users/adriencanterot/Sites/Cahier/app/views/layouts/homes.ctp, line 76]
2011-04-29 22:03:21 Notice: Notice (8): Undefined index:  Document in [/Users/adriencanterot/Sites/Cahier/app/views/documents/index.ctp, line 12]
2011-04-29 22:03:21 Notice: Notice (8): Undefined index:  Student in [/Users/adriencanterot/Sites/Cahier/app/views/documents/index.ctp, line 13]
2011-04-29 22:03:21 Notice: Notice (8): Undefined index:  Document in [/Users/adriencanterot/Sites/Cahier/app/views/documents/index.ctp, line 14]
2011-04-29 22:03:21 Notice: Notice (8): Undefined index:  Subject in [/Users/adriencanterot/Sites/Cahier/app/views/documents/index.ctp, line 15]
2011-04-29 22:03:21 Notice: Notice (8): Undefined index:  Document in [/Users/adriencanterot/Sites/Cahier/app/views/documents/index.ctp, line 17]
2011-04-29 22:03:21 Notice: Notice (8): Undefined variable: debug in [/Users/adriencanterot/Sites/Cahier/app/views/layouts/homes.ctp, line 76]
2011-04-29 22:03:38 Notice: Notice (8): Undefined index:  Student in [/Users/adriencanterot/Sites/Cahier/app/views/documents/index.ctp, line 13]
2011-04-29 22:03:38 Notice: Notice (8): Undefined index:  Document in [/Users/adriencanterot/Sites/Cahier/app/views/documents/index.ctp, line 14]
2011-04-29 22:03:38 Notice: Notice (8): Undefined index:  Subject in [/Users/adriencanterot/Sites/Cahier/app/views/documents/index.ctp, line 15]
2011-04-29 22:03:38 Notice: Notice (8): Undefined index:  Document in [/Users/adriencanterot/Sites/Cahier/app/views/documents/index.ctp, line 17]
2011-04-29 22:03:38 Notice: Notice (8): Undefined variable: debug in [/Users/adriencanterot/Sites/Cahier/app/views/layouts/homes.ctp, line 76]
2011-04-29 22:03:49 Notice: Notice (8): Undefined index:  Document in [/Users/adriencanterot/Sites/Cahier/app/views/documents/index.ctp, line 12]
2011-04-29 22:03:49 Notice: Notice (8): Undefined index:  Student in [/Users/adriencanterot/Sites/Cahier/app/views/documents/index.ctp, line 13]
2011-04-29 22:03:49 Notice: Notice (8): Undefined index:  Document in [/Users/adriencanterot/Sites/Cahier/app/views/documents/index.ctp, line 14]
2011-04-29 22:03:49 Notice: Notice (8): Undefined index:  Subject in [/Users/adriencanterot/Sites/Cahier/app/views/documents/index.ctp, line 15]
2011-04-29 22:03:49 Notice: Notice (8): Undefined index:  Document in [/Users/adriencanterot/Sites/Cahier/app/views/documents/index.ctp, line 17]
2011-04-29 22:03:49 Notice: Notice (8): Undefined variable: debug in [/Users/adriencanterot/Sites/Cahier/app/views/layouts/homes.ctp, line 76]
2011-04-29 22:05:36 Notice: Notice (8): Undefined offset:  0 in [/Users/adriencanterot/Sites/Cahier/app/controllers/documents_controller.php, line 37]
2011-04-29 22:05:36 Notice: Notice (8): Undefined variable: debug in [/Users/adriencanterot/Sites/Cahier/app/views/layouts/homes.ctp, line 76]
2011-04-29 22:05:45 Notice: Notice (8): Undefined offset:  0 in [/Users/adriencanterot/Sites/Cahier/app/controllers/documents_controller.php, line 37]
2011-04-29 22:05:45 Notice: Notice (8): Undefined variable: documentlist in [/Users/adriencanterot/Sites/Cahier/app/views/documents/index.ctp, line 10]
2011-04-29 22:06:35 Notice: Notice (8): Undefined variable: documentlist in [/Users/adriencanterot/Sites/Cahier/app/views/documents/index.ctp, line 10]
2011-04-29 22:07:11 Notice: Notice (8): Undefined variable: documentlist in [/Users/adriencanterot/Sites/Cahier/app/views/documents/index.ctp, line 10]
2011-04-29 22:07:26 Notice: Notice (8): Undefined variable: documentlist in [/Users/adriencanterot/Sites/Cahier/app/views/documents/index.ctp, line 10]
2011-04-29 22:07:48 Notice: Notice (8): Undefined variable: documentlist in [/Users/adriencanterot/Sites/Cahier/app/views/documents/index.ctp, line 10]
2011-04-29 22:08:17 Notice: Notice (8): Undefined variable: documentlist in [/Users/adriencanterot/Sites/Cahier/app/views/documents/index.ctp, line 10]
2011-04-29 22:09:15 Notice: Notice (8): Undefined variable: debug in [/Users/adriencanterot/Sites/Cahier/app/views/layouts/homes.ctp, line 76]
2011-04-29 22:09:28 Notice: Notice (8): Undefined variable: debug in [/Users/adriencanterot/Sites/Cahier/app/views/layouts/homes.ctp, line 76]
2011-04-29 22:14:39 Notice: Notice (8): Undefined variable: debug in [/Users/adriencanterot/Sites/Cahier/app/views/layouts/homes.ctp, line 76]
2011-04-29 22:14:40 Notice: Notice (8): Undefined variable: debug in [/Users/adriencanterot/Sites/Cahier/app/views/layouts/homes.ctp, line 76]
2011-04-29 22:14:57 Notice: Notice (8): Undefined variable: debug in [/Users/adriencanterot/Sites/Cahier/app/views/layouts/homes.ctp, line 76]
2011-04-29 22:15:35 Notice: Notice (8): Undefined variable: debug in [/Users/adriencanterot/Sites/Cahier/app/views/layouts/homes.ctp, line 76]
2011-04-29 22:16:03 Notice: Notice (8): Undefined variable: debug in [/Users/adriencanterot/Sites/Cahier/app/views/layouts/homes.ctp, line 76]
2011-04-29 22:16:45 Notice: Notice (8): Undefined variable: debug in [/Users/adriencanterot/Sites/Cahier/app/views/layouts/homes.ctp, line 76]
2011-04-29 22:16:57 Notice: Notice (8): Undefined variable: debug in [/Users/adriencanterot/Sites/Cahier/app/views/layouts/homes.ctp, line 76]
2011-04-29 22:17:00 Notice: Notice (8): Undefined variable: debug in [/Users/adriencanterot/Sites/Cahier/app/views/layouts/homes.ctp, line 76]
2011-04-29 22:17:01 Notice: Notice (8): Undefined variable: debug in [/Users/adriencanterot/Sites/Cahier/app/views/layouts/homes.ctp, line 76]
2011-04-29 22:17:06 Notice: Notice (8): Undefined variable: debug in [/Users/adriencanterot/Sites/Cahier/app/views/layouts/homes.ctp, line 76]
2011-04-29 22:19:26 Notice: Notice (8): Undefined variable: debug in [/Users/adriencanterot/Sites/Cahier/app/views/layouts/homes.ctp, line 76]
2011-04-29 22:19:30 Notice: Notice (8): Undefined variable: debug in [/Users/adriencanterot/Sites/Cahier/app/views/layouts/homes.ctp, line 76]
2011-04-29 22:19:33 Notice: Notice (8): Undefined variable: debug in [/Users/adriencanterot/Sites/Cahier/app/views/layouts/homes.ctp, line 76]
2011-04-29 22:19:36 Notice: Notice (8): Undefined variable: debug in [/Users/adriencanterot/Sites/Cahier/app/views/layouts/homes.ctp, line 76]
2011-04-29 22:19:39 Notice: Notice (8): Undefined variable: debug in [/Users/adriencanterot/Sites/Cahier/app/views/layouts/homes.ctp, line 76]
2011-04-29 22:40:44 Notice: Notice (8): Undefined variable: debug in [/Users/adriencanterot/Sites/Cahier/app/views/layouts/homes.ctp, line 76]
2011-04-29 22:40:46 Notice: Notice (8): Undefined variable: debug in [/Users/adriencanterot/Sites/Cahier/app/views/layouts/homes.ctp, line 76]
2011-04-29 22:40:49 Notice: Notice (8): Undefined variable: debug in [/Users/adriencanterot/Sites/Cahier/app/views/layouts/homes.ctp, line 76]
2011-04-29 22:40:50 Notice: Notice (8): Undefined variable: debug in [/Users/adriencanterot/Sites/Cahier/app/views/layouts/homes.ctp, line 76]
2011-04-29 22:40:52 Notice: Notice (8): Undefined variable: debug in [/Users/adriencanterot/Sites/Cahier/app/views/layouts/homes.ctp, line 76]
2011-04-29 22:40:53 Notice: Notice (8): Undefined variable: debug in [/Users/adriencanterot/Sites/Cahier/app/views/layouts/homes.ctp, line 76]
2011-04-29 22:40:54 Notice: Notice (8): Undefined variable: debug in [/Users/adriencanterot/Sites/Cahier/app/views/layouts/homes.ctp, line 76]
2011-04-29 22:40:56 Notice: Notice (8): Undefined variable: debug in [/Users/adriencanterot/Sites/Cahier/app/views/layouts/homes.ctp, line 76]
2011-04-29 22:41:00 Notice: Notice (8): Undefined variable: debug in [/Users/adriencanterot/Sites/Cahier/app/views/layouts/homes.ctp, line 76]
2011-04-29 22:41:05 Notice: Notice (8): Undefined variable: documentlist in [/Users/adriencanterot/Sites/Cahier/app/views/documents/index.ctp, line 10]
2011-04-29 22:41:08 Notice: Notice (8): Undefined variable: debug in [/Users/adriencanterot/Sites/Cahier/app/views/layouts/homes.ctp, line 76]
2011-04-29 22:41:10 Notice: Notice (8): Undefined variable: debug in [/Users/adriencanterot/Sites/Cahier/app/views/layouts/homes.ctp, line 76]
2011-04-29 23:00:44 Notice: Notice (8): Undefined variable: debug in [/Users/adriencanterot/Sites/Cahier/app/views/layouts/homes.ctp, line 76]
2011-04-29 23:00:48 Notice: Notice (8): Undefined variable: debug in [/Users/adriencanterot/Sites/Cahier/app/views/layouts/homes.ctp, line 76]
2011-04-29 23:00:50 Notice: Notice (8): Undefined variable: debug in [/Users/adriencanterot/Sites/Cahier/app/views/layouts/homes.ctp, line 76]
2011-04-29 23:00:51 Notice: Notice (8): Undefined variable: debug in [/Users/adriencanterot/Sites/Cahier/app/views/layouts/homes.ctp, line 76]
2011-04-29 23:00:53 Notice: Notice (8): Undefined variable: debug in [/Users/adriencanterot/Sites/Cahier/app/views/layouts/homes.ctp, line 76]
2011-04-29 23:00:56 Notice: Notice (8): Undefined variable: debug in [/Users/adriencanterot/Sites/Cahier/app/views/layouts/homes.ctp, line 76]
2011-04-29 23:00:57 Notice: Notice (8): Undefined variable: debug in [/Users/adriencanterot/Sites/Cahier/app/views/layouts/homes.ctp, line 76]
2011-04-29 23:03:15 Notice: Notice (8): Undefined variable: debug in [/Users/adriencanterot/Sites/Cahier/app/views/layouts/homes.ctp, line 76]
2011-04-29 23:03:19 Notice: Notice (8): Undefined variable: debug in [/Users/adriencanterot/Sites/Cahier/app/views/layouts/homes.ctp, line 76]
2011-04-29 23:05:08 Notice: Notice (8): Undefined variable: debug in [/Users/adriencanterot/Sites/Cahier/app/views/layouts/homes.ctp, line 76]
2011-04-29 23:05:09 Notice: Notice (8): Undefined variable: debug in [/Users/adriencanterot/Sites/Cahier/app/views/layouts/homes.ctp, line 76]
2011-04-29 23:05:10 Notice: Notice (8): Undefined variable: debug in [/Users/adriencanterot/Sites/Cahier/app/views/layouts/homes.ctp, line 76]
2011-04-29 23:05:11 Notice: Notice (8): Undefined variable: debug in [/Users/adriencanterot/Sites/Cahier/app/views/layouts/homes.ctp, line 76]
2011-04-29 23:05:13 Notice: Notice (8): Undefined variable: debug in [/Users/adriencanterot/Sites/Cahier/app/views/layouts/homes.ctp, line 76]
2011-04-29 23:05:15 Notice: Notice (8): Undefined variable: debug in [/Users/adriencanterot/Sites/Cahier/app/views/layouts/homes.ctp, line 76]
2011-04-29 23:05:55 Notice: Notice (8): Undefined variable: documentlist in [/Users/adriencanterot/Sites/Cahier/app/views/documents/showbyevent.ctp, line 12]
2011-04-29 23:05:55 Notice: Notice (8): Undefined variable: documentlist in [/Users/adriencanterot/Sites/Cahier/app/views/documents/showbyevent.ctp, line 27]
2011-04-29 23:05:55 Notice: Notice (8): Undefined variable: debug in [/Users/adriencanterot/Sites/Cahier/app/views/layouts/homes.ctp, line 76]
2011-04-29 23:06:22 Notice: Notice (8): Undefined variable: documentlist in [/Users/adriencanterot/Sites/Cahier/app/views/documents/showbyevent.ctp, line 12]
2011-04-29 23:06:22 Notice: Notice (8): Undefined variable: documentlist in [/Users/adriencanterot/Sites/Cahier/app/views/documents/showbyevent.ctp, line 27]
2011-04-29 23:06:22 Notice: Notice (8): Undefined variable: debug in [/Users/adriencanterot/Sites/Cahier/app/views/layouts/homes.ctp, line 76]
2011-04-29 23:06:35 Notice: Notice (8): Undefined index:  Document in [/Users/adriencanterot/Sites/Cahier/app/views/documents/showbyevent.ctp, line 14]
2011-04-29 23:06:35 Notice: Notice (8): Undefined index:  Document in [/Users/adriencanterot/Sites/Cahier/app/views/documents/showbyevent.ctp, line 16]
2011-04-29 23:06:35 Notice: Notice (8): Undefined index:  Document in [/Users/adriencanterot/Sites/Cahier/app/views/documents/showbyevent.ctp, line 19]
2011-04-29 23:06:35 Notice: Notice (8): Undefined variable: debug in [/Users/adriencanterot/Sites/Cahier/app/views/layouts/homes.ctp, line 76]
2011-04-29 23:06:54 Notice: Notice (8): Undefined index:  Document in [/Users/adriencanterot/Sites/Cahier/app/views/documents/showbyevent.ctp, line 14]
2011-04-29 23:06:54 Notice: Notice (8): Undefined index:  Document in [/Users/adriencanterot/Sites/Cahier/app/views/documents/showbyevent.ctp, line 16]
2011-04-29 23:06:54 Notice: Notice (8): Undefined index:  Document in [/Users/adriencanterot/Sites/Cahier/app/views/documents/showbyevent.ctp, line 19]
2011-04-29 23:06:54 Notice: Notice (8): Undefined variable: debug in [/Users/adriencanterot/Sites/Cahier/app/views/layouts/homes.ctp, line 76]
2011-04-29 23:07:09 Notice: Notice (8): Undefined variable: debug in [/Users/adriencanterot/Sites/Cahier/app/views/layouts/homes.ctp, line 76]
2011-04-29 23:07:11 Notice: Notice (8): Undefined index:  Document in [/Users/adriencanterot/Sites/Cahier/app/views/documents/showbyevent.ctp, line 14]
2011-04-29 23:07:11 Notice: Notice (8): Undefined index:  Document in [/Users/adriencanterot/Sites/Cahier/app/views/documents/showbyevent.ctp, line 16]
2011-04-29 23:07:11 Notice: Notice (8): Undefined index:  Document in [/Users/adriencanterot/Sites/Cahier/app/views/documents/showbyevent.ctp, line 19]
2011-04-29 23:07:11 Notice: Notice (8): Undefined variable: debug in [/Users/adriencanterot/Sites/Cahier/app/views/layouts/homes.ctp, line 76]
2011-04-29 23:08:14 Notice: Notice (8): Undefined index:  Document in [/Users/adriencanterot/Sites/Cahier/app/views/documents/showbyevent.ctp, line 14]
2011-04-29 23:08:14 Notice: Notice (8): Undefined index:  Student in [/Users/adriencanterot/Sites/Cahier/app/views/documents/showbyevent.ctp, line 15]
2011-04-29 23:08:14 Notice: Notice (8): Undefined index:  Document in [/Users/adriencanterot/Sites/Cahier/app/views/documents/showbyevent.ctp, line 16]
2011-04-29 23:08:14 Notice: Notice (8): Undefined index:  Subject in [/Users/adriencanterot/Sites/Cahier/app/views/documents/showbyevent.ctp, line 17]
2011-04-29 23:08:14 Notice: Notice (8): Undefined index:  Document in [/Users/adriencanterot/Sites/Cahier/app/views/documents/showbyevent.ctp, line 19]
2011-04-29 23:08:14 Notice: Notice (8): Undefined variable: debug in [/Users/adriencanterot/Sites/Cahier/app/views/layouts/homes.ctp, line 76]
2011-04-29 23:12:31 Notice: Notice (8): Undefined index:  Document in [/Users/adriencanterot/Sites/Cahier/app/views/documents/showbyevent.ctp, line 13]
2011-04-29 23:12:31 Notice: Notice (8): Undefined variable: documentlist in [/Users/adriencanterot/Sites/Cahier/app/views/documents/showbyevent.ctp, line 28]
2011-04-29 23:12:31 Notice: Notice (8): Undefined variable: debug in [/Users/adriencanterot/Sites/Cahier/app/views/layouts/homes.ctp, line 76]
2011-04-29 23:12:48 Notice: Notice (8): Undefined index:  Document in [/Users/adriencanterot/Sites/Cahier/app/views/documents/showbyevent.ctp, line 13]
2011-04-29 23:12:48 Notice: Notice (8): Undefined variable: debug in [/Users/adriencanterot/Sites/Cahier/app/views/layouts/homes.ctp, line 76]
2011-04-29 23:13:08 Notice: Notice (8): Undefined index:  Student in [/Users/adriencanterot/Sites/Cahier/app/views/documents/showbyevent.ctp, line 16]
2011-04-29 23:13:08 Notice: Notice (8): Undefined index:  Document in [/Users/adriencanterot/Sites/Cahier/app/views/documents/showbyevent.ctp, line 17]
2011-04-29 23:13:08 Notice: Notice (8): Undefined index:  Subject in [/Users/adriencanterot/Sites/Cahier/app/views/documents/showbyevent.ctp, line 18]
2011-04-29 23:13:08 Notice: Notice (8): Undefined index:  Document in [/Users/adriencanterot/Sites/Cahier/app/views/documents/showbyevent.ctp, line 20]
2011-04-29 23:13:08 Notice: Notice (8): Undefined variable: debug in [/Users/adriencanterot/Sites/Cahier/app/views/layouts/homes.ctp, line 76]
2011-04-29 23:13:39 Notice: Notice (8): Undefined index:  Student_id in [/Users/adriencanterot/Sites/Cahier/app/views/documents/showbyevent.ctp, line 16]
2011-04-29 23:13:39 Notice: Notice (8): Undefined index:  Document in [/Users/adriencanterot/Sites/Cahier/app/views/documents/showbyevent.ctp, line 17]
2011-04-29 23:13:39 Notice: Notice (8): Undefined index:  Subject in [/Users/adriencanterot/Sites/Cahier/app/views/documents/showbyevent.ctp, line 18]
2011-04-29 23:13:39 Notice: Notice (8): Undefined index:  Document in [/Users/adriencanterot/Sites/Cahier/app/views/documents/showbyevent.ctp, line 20]
2011-04-29 23:13:39 Notice: Notice (8): Undefined variable: debug in [/Users/adriencanterot/Sites/Cahier/app/views/layouts/homes.ctp, line 76]
2011-04-29 23:13:47 Notice: Notice (8): Undefined index:  Document in [/Users/adriencanterot/Sites/Cahier/app/views/documents/showbyevent.ctp, line 17]
2011-04-29 23:13:47 Notice: Notice (8): Undefined index:  Subject in [/Users/adriencanterot/Sites/Cahier/app/views/documents/showbyevent.ctp, line 18]
2011-04-29 23:13:47 Notice: Notice (8): Undefined index:  Document in [/Users/adriencanterot/Sites/Cahier/app/views/documents/showbyevent.ctp, line 20]
2011-04-29 23:13:47 Notice: Notice (8): Undefined variable: debug in [/Users/adriencanterot/Sites/Cahier/app/views/layouts/homes.ctp, line 76]
2011-04-29 23:13:55 Notice: Notice (8): Undefined index:  Subject in [/Users/adriencanterot/Sites/Cahier/app/views/documents/showbyevent.ctp, line 18]
2011-04-29 23:13:55 Notice: Notice (8): Undefined index:  Document in [/Users/adriencanterot/Sites/Cahier/app/views/documents/showbyevent.ctp, line 20]
2011-04-29 23:13:55 Notice: Notice (8): Undefined variable: debug in [/Users/adriencanterot/Sites/Cahier/app/views/layouts/homes.ctp, line 76]
2011-04-29 23:14:08 Notice: Notice (8): Undefined index:  Document in [/Users/adriencanterot/Sites/Cahier/app/views/documents/showbyevent.ctp, line 20]
2011-04-29 23:14:08 Notice: Notice (8): Undefined variable: debug in [/Users/adriencanterot/Sites/Cahier/app/views/layouts/homes.ctp, line 76]
2011-04-29 23:14:18 Notice: Notice (8): Undefined index:  Document in [/Users/adriencanterot/Sites/Cahier/app/views/documents/showbyevent.ctp, line 20]
2011-04-29 23:14:18 Notice: Notice (8): Undefined variable: debug in [/Users/adriencanterot/Sites/Cahier/app/views/layouts/homes.ctp, line 76]
2011-04-29 23:14:33 Notice: Notice (8): Undefined index:  Document in [/Users/adriencanterot/Sites/Cahier/app/views/documents/showbyevent.ctp, line 20]
2011-04-29 23:14:33 Notice: Notice (8): Undefined variable: debug in [/Users/adriencanterot/Sites/Cahier/app/views/layouts/homes.ctp, line 76]
2011-04-29 23:14:36 Notice: Notice (8): Undefined variable: debug in [/Users/adriencanterot/Sites/Cahier/app/views/layouts/homes.ctp, line 76]
2011-04-29 23:20:33 Notice: Notice (8): Undefined variable: debug in [/Users/adriencanterot/Sites/Cahier/app/views/layouts/homes.ctp, line 76]
2011-04-29 23:20:55 Notice: Notice (8): Undefined variable: debug in [/Users/adriencanterot/Sites/Cahier/app/views/layouts/homes.ctp, line 76]
2011-04-29 23:22:02 Notice: Notice (8): Undefined variable: debug in [/Users/adriencanterot/Sites/Cahier/app/views/layouts/homes.ctp, line 76]
2011-04-29 23:22:04 Notice: Notice (8): Undefined variable: debug in [/Users/adriencanterot/Sites/Cahier/app/views/layouts/homes.ctp, line 76]
2011-04-29 23:22:06 Notice: Notice (8): Undefined variable: debug in [/Users/adriencanterot/Sites/Cahier/app/views/layouts/homes.ctp, line 76]
2011-04-29 23:22:09 Notice: Notice (8): Undefined variable: debug in [/Users/adriencanterot/Sites/Cahier/app/views/layouts/homes.ctp, line 76]
2011-04-29 23:22:12 Notice: Notice (8): Undefined variable: debug in [/Users/adriencanterot/Sites/Cahier/app/views/layouts/homes.ctp, line 76]
2011-04-29 23:24:10 Notice: Notice (8): Undefined variable: debug in [/Users/adriencanterot/Sites/Cahier/app/views/layouts/homes.ctp, line 76]
2011-04-29 23:24:13 Notice: Notice (8): Undefined variable: debug in [/Users/adriencanterot/Sites/Cahier/app/views/layouts/homes.ctp, line 76]
2011-04-29 23:34:44 Notice: Notice (8): Undefined variable: debug in [/Users/adriencanterot/Sites/Cahier/app/views/layouts/homes.ctp, line 76]
2011-04-29 23:35:09 Notice: Notice (8): Undefined variable: debug in [/Users/adriencanterot/Sites/Cahier/app/views/layouts/homes.ctp, line 76]
2011-04-29 23:35:19 Notice: Notice (8): Undefined variable: debug in [/Users/adriencanterot/Sites/Cahier/app/views/layouts/homes.ctp, line 76]
2011-04-29 23:35:27 Notice: Notice (8): Undefined variable: debug in [/Users/adriencanterot/Sites/Cahier/app/views/layouts/homes.ctp, line 76]
2011-04-29 23:35:34 Notice: Notice (8): Undefined variable: debug in [/Users/adriencanterot/Sites/Cahier/app/views/layouts/homes.ctp, line 76]
2011-04-29 23:35:36 Notice: Notice (8): Undefined variable: debug in [/Users/adriencanterot/Sites/Cahier/app/views/layouts/homes.ctp, line 76]
2011-04-29 23:35:40 Notice: Notice (8): Undefined variable: debug in [/Users/adriencanterot/Sites/Cahier/app/views/layouts/homes.ctp, line 76]
2011-04-29 23:35:42 Notice: Notice (8): Undefined variable: debug in [/Users/adriencanterot/Sites/Cahier/app/views/layouts/homes.ctp, line 76]
2011-04-29 23:35:43 Notice: Notice (8): Undefined variable: debug in [/Users/adriencanterot/Sites/Cahier/app/views/layouts/homes.ctp, line 76]
2011-04-29 23:36:25 Notice: Notice (8): Undefined variable: debug in [/Users/adriencanterot/Sites/Cahier/app/views/layouts/homes.ctp, line 76]
2011-04-29 23:36:32 Notice: Notice (8): Undefined index:  Documents in [/Users/adriencanterot/Sites/Cahier/app/views/documents/showbyevent.ctp, line 13]
2011-04-29 23:36:32 Notice: Notice (8): Undefined variable: debug in [/Users/adriencanterot/Sites/Cahier/app/views/layouts/homes.ctp, line 76]
2011-04-29 23:36:44 Notice: Notice (8): Undefined index:  Documents in [/Users/adriencanterot/Sites/Cahier/app/views/documents/showbyevent.ctp, line 13]
2011-04-29 23:36:44 Notice: Notice (8): Undefined variable: debug in [/Users/adriencanterot/Sites/Cahier/app/views/layouts/homes.ctp, line 76]
2011-04-29 23:36:48 Notice: Notice (8): Undefined variable: debug in [/Users/adriencanterot/Sites/Cahier/app/views/layouts/homes.ctp, line 76]
2011-04-29 23:37:08 Notice: Notice (8): Undefined index:  Students in [/Users/adriencanterot/Sites/Cahier/app/views/documents/showbyevent.ctp, line 16]
2011-04-29 23:37:08 Notice: Notice (8): Undefined variable: debug in [/Users/adriencanterot/Sites/Cahier/app/views/layouts/homes.ctp, line 76]
2011-04-29 23:37:12 Notice: Notice (8): Undefined index:  Student in [/Users/adriencanterot/Sites/Cahier/app/views/documents/showbyevent.ctp, line 16]
2011-04-29 23:37:12 Notice: Notice (8): Undefined variable: debug in [/Users/adriencanterot/Sites/Cahier/app/views/layouts/homes.ctp, line 76]
2011-04-29 23:37:20 Notice: Notice (8): Undefined index:  Student in [/Users/adriencanterot/Sites/Cahier/app/views/documents/showbyevent.ctp, line 16]
2011-04-29 23:37:20 Notice: Notice (8): Undefined index:  type in [/Users/adriencanterot/Sites/Cahier/app/views/documents/showbyevent.ctp, line 17]
2011-04-29 23:37:20 Notice: Notice (8): Undefined index:  subject_id in [/Users/adriencanterot/Sites/Cahier/app/views/documents/showbyevent.ctp, line 18]
2011-04-29 23:37:20 Notice: Notice (8): Undefined index:  name in [/Users/adriencanterot/Sites/Cahier/app/views/documents/showbyevent.ctp, line 15]
2011-04-29 23:37:20 Notice: Notice (8): Undefined index:  id in [/Users/adriencanterot/Sites/Cahier/app/views/documents/showbyevent.ctp, line 20]
2011-04-29 23:37:20 Notice: Notice (8): Undefined variable: debug in [/Users/adriencanterot/Sites/Cahier/app/views/layouts/homes.ctp, line 76]
2011-04-29 23:39:29 Notice: Notice (8): Undefined variable: debug in [/Users/adriencanterot/Sites/Cahier/app/views/layouts/homes.ctp, line 76]
2011-04-29 23:39:33 Notice: Notice (8): Undefined variable: debug in [/Users/adriencanterot/Sites/Cahier/app/views/layouts/homes.ctp, line 76]
2011-04-29 23:39:37 Notice: Notice (8): Undefined index:  Student in [/Users/adriencanterot/Sites/Cahier/app/views/documents/showbyevent.ctp, line 16]
2011-04-29 23:39:37 Notice: Notice (8): Undefined index:  type in [/Users/adriencanterot/Sites/Cahier/app/views/documents/showbyevent.ctp, line 17]
2011-04-29 23:39:37 Notice: Notice (8): Undefined index:  subject_id in [/Users/adriencanterot/Sites/Cahier/app/views/documents/showbyevent.ctp, line 18]
2011-04-29 23:39:37 Notice: Notice (8): Undefined index:  name in [/Users/adriencanterot/Sites/Cahier/app/views/documents/showbyevent.ctp, line 15]
2011-04-29 23:39:37 Notice: Notice (8): Undefined index:  id in [/Users/adriencanterot/Sites/Cahier/app/views/documents/showbyevent.ctp, line 20]
2011-04-29 23:39:37 Notice: Notice (8): Undefined variable: debug in [/Users/adriencanterot/Sites/Cahier/app/views/layouts/homes.ctp, line 76]
2011-04-29 23:40:39 Notice: Notice (8): Undefined index:  Student in [/Users/adriencanterot/Sites/Cahier/app/views/documents/showbyevent.ctp, line 16]
2011-04-29 23:40:39 Notice: Notice (8): Undefined index:  type in [/Users/adriencanterot/Sites/Cahier/app/views/documents/showbyevent.ctp, line 17]
2011-04-29 23:40:39 Notice: Notice (8): Undefined index:  subject_id in [/Users/adriencanterot/Sites/Cahier/app/views/documents/showbyevent.ctp, line 18]
2011-04-29 23:40:39 Notice: Notice (8): Undefined index:  name in [/Users/adriencanterot/Sites/Cahier/app/views/documents/showbyevent.ctp, line 15]
2011-04-29 23:40:39 Notice: Notice (8): Undefined index:  id in [/Users/adriencanterot/Sites/Cahier/app/views/documents/showbyevent.ctp, line 20]
2011-04-29 23:40:39 Notice: Notice (8): Undefined variable: debug in [/Users/adriencanterot/Sites/Cahier/app/views/layouts/homes.ctp, line 76]
2011-04-29 23:41:33 Notice: Notice (8): Undefined variable: debug in [/Users/adriencanterot/Sites/Cahier/app/views/layouts/homes.ctp, line 76]
2011-04-29 23:43:07 Notice: Notice (8): Undefined variable: debug in [/Users/adriencanterot/Sites/Cahier/app/views/layouts/homes.ctp, line 76]
2011-04-29 23:43:09 Notice: Notice (8): Undefined variable: debug in [/Users/adriencanterot/Sites/Cahier/app/views/layouts/homes.ctp, line 76]
2011-04-29 23:43:11 Notice: Notice (8): Undefined index:  Student in [/Users/adriencanterot/Sites/Cahier/app/views/documents/showbyevent.ctp, line 16]
2011-04-29 23:43:11 Notice: Notice (8): Undefined index:  type in [/Users/adriencanterot/Sites/Cahier/app/views/documents/showbyevent.ctp, line 17]
2011-04-29 23:43:11 Notice: Notice (8): Undefined index:  subject_id in [/Users/adriencanterot/Sites/Cahier/app/views/documents/showbyevent.ctp, line 18]
2011-04-29 23:43:11 Notice: Notice (8): Undefined index:  name in [/Users/adriencanterot/Sites/Cahier/app/views/documents/showbyevent.ctp, line 15]
2011-04-29 23:43:11 Notice: Notice (8): Undefined index:  id in [/Users/adriencanterot/Sites/Cahier/app/views/documents/showbyevent.ctp, line 20]
2011-04-29 23:43:11 Notice: Notice (8): Undefined variable: debug in [/Users/adriencanterot/Sites/Cahier/app/views/layouts/homes.ctp, line 76]
2011-04-30 10:16:31 Notice: Notice (8): Undefined variable: debug in [/Users/adriencanterot/Sites/Cahier/app/views/layouts/homes.ctp, line 76]
2011-04-30 10:16:35 Notice: Notice (8): Undefined variable: debug in [/Users/adriencanterot/Sites/Cahier/app/views/layouts/homes.ctp, line 76]
2011-04-30 10:16:37 Notice: Notice (8): Undefined variable: debug in [/Users/adriencanterot/Sites/Cahier/app/views/layouts/homes.ctp, line 76]
2011-04-30 10:16:41 Notice: Notice (8): Undefined index:  Student in [/Users/adriencanterot/Sites/Cahier/app/views/documents/showbyevent.ctp, line 16]
2011-04-30 10:16:41 Notice: Notice (8): Undefined index:  type in [/Users/adriencanterot/Sites/Cahier/app/views/documents/showbyevent.ctp, line 17]
2011-04-30 10:16:41 Notice: Notice (8): Undefined index:  subject_id in [/Users/adriencanterot/Sites/Cahier/app/views/documents/showbyevent.ctp, line 18]
2011-04-30 10:16:41 Notice: Notice (8): Undefined index:  name in [/Users/adriencanterot/Sites/Cahier/app/views/documents/showbyevent.ctp, line 15]
2011-04-30 10:16:41 Notice: Notice (8): Undefined index:  id in [/Users/adriencanterot/Sites/Cahier/app/views/documents/showbyevent.ctp, line 20]
2011-04-30 10:16:41 Notice: Notice (8): Undefined variable: debug in [/Users/adriencanterot/Sites/Cahier/app/views/layouts/homes.ctp, line 76]
2011-04-30 10:18:00 Notice: Notice (8): Undefined index:  Student in [/Users/adriencanterot/Sites/Cahier/app/views/documents/showbyevent.ctp, line 16]
2011-04-30 10:18:00 Notice: Notice (8): Undefined index:  type in [/Users/adriencanterot/Sites/Cahier/app/views/documents/showbyevent.ctp, line 17]
2011-04-30 10:18:00 Notice: Notice (8): Undefined index:  subject_id in [/Users/adriencanterot/Sites/Cahier/app/views/documents/showbyevent.ctp, line 18]
2011-04-30 10:18:00 Notice: Notice (8): Undefined index:  name in [/Users/adriencanterot/Sites/Cahier/app/views/documents/showbyevent.ctp, line 15]
2011-04-30 10:18:00 Notice: Notice (8): Undefined index:  id in [/Users/adriencanterot/Sites/Cahier/app/views/documents/showbyevent.ctp, line 20]
2011-04-30 10:18:00 Notice: Notice (8): Undefined variable: debug in [/Users/adriencanterot/Sites/Cahier/app/views/layouts/homes.ctp, line 76]
2011-04-30 10:26:32 Notice: Notice (8): Undefined index:  Student in [/Users/adriencanterot/Sites/Cahier/app/views/documents/showbyevent.ctp, line 16]
2011-04-30 10:26:32 Notice: Notice (8): Undefined index:  type in [/Users/adriencanterot/Sites/Cahier/app/views/documents/showbyevent.ctp, line 17]
2011-04-30 10:26:32 Notice: Notice (8): Undefined index:  subject_id in [/Users/adriencanterot/Sites/Cahier/app/views/documents/showbyevent.ctp, line 18]
2011-04-30 10:26:32 Notice: Notice (8): Undefined index:  name in [/Users/adriencanterot/Sites/Cahier/app/views/documents/showbyevent.ctp, line 15]
2011-04-30 10:26:32 Notice: Notice (8): Undefined index:  id in [/Users/adriencanterot/Sites/Cahier/app/views/documents/showbyevent.ctp, line 20]
2011-04-30 10:26:32 Notice: Notice (8): Undefined variable: debug in [/Users/adriencanterot/Sites/Cahier/app/views/layouts/homes.ctp, line 76]
2011-04-30 10:31:09 Notice: Notice (8): Undefined variable: debug in [/Users/adriencanterot/Sites/Cahier/app/views/layouts/homes.ctp, line 76]
2011-04-30 10:32:54 Notice: Notice (8): Undefined variable: related in [/Users/adriencanterot/Sites/Cahier/app/views/layouts/homes.ctp, line 76]
2011-04-30 10:32:56 Notice: Notice (8): Undefined variable: related in [/Users/adriencanterot/Sites/Cahier/app/views/layouts/homes.ctp, line 76]
2011-04-30 10:34:48 Notice: Notice (8): Undefined variable: related in [/Users/adriencanterot/Sites/Cahier/app/views/layouts/homes.ctp, line 76]
2011-04-30 10:34:51 Notice: Notice (8): Undefined variable: related in [/Users/adriencanterot/Sites/Cahier/app/views/layouts/homes.ctp, line 76]
2011-04-30 10:41:18 Notice: Notice (8): Undefined index:  Document in [/Users/adriencanterot/Sites/Cahier/app/views/documents/showbyevent.ctp, line 15]
2011-04-30 10:41:18 Notice: Notice (8): Undefined index:  Student in [/Users/adriencanterot/Sites/Cahier/app/views/documents/showbyevent.ctp, line 16]
2011-04-30 10:41:19 Notice: Notice (8): Undefined index:  type in [/Users/adriencanterot/Sites/Cahier/app/views/documents/showbyevent.ctp, line 17]
2011-04-30 10:41:19 Notice: Notice (8): Undefined index:  subject_id in [/Users/adriencanterot/Sites/Cahier/app/views/documents/showbyevent.ctp, line 18]
2011-04-30 10:41:19 Notice: Notice (8): Undefined index:  id in [/Users/adriencanterot/Sites/Cahier/app/views/documents/showbyevent.ctp, line 20]
2011-04-30 10:42:12 Notice: Notice (8): Undefined index:  Document in [/Users/adriencanterot/Sites/Cahier/app/views/documents/showbyevent.ctp, line 15]
2011-04-30 10:42:12 Notice: Notice (8): Undefined index:  Student in [/Users/adriencanterot/Sites/Cahier/app/views/documents/showbyevent.ctp, line 16]
2011-04-30 10:42:12 Notice: Notice (8): Undefined index:  type in [/Users/adriencanterot/Sites/Cahier/app/views/documents/showbyevent.ctp, line 17]
2011-04-30 10:42:12 Notice: Notice (8): Undefined index:  subject_id in [/Users/adriencanterot/Sites/Cahier/app/views/documents/showbyevent.ctp, line 18]
2011-04-30 10:42:12 Notice: Notice (8): Undefined index:  id in [/Users/adriencanterot/Sites/Cahier/app/views/documents/showbyevent.ctp, line 20]
2011-04-30 10:42:18 Notice: Notice (8): Undefined index:  Document in [/Users/adriencanterot/Sites/Cahier/app/views/documents/showbyevent.ctp, line 15]
2011-04-30 10:42:18 Notice: Notice (8): Undefined index:  Student in [/Users/adriencanterot/Sites/Cahier/app/views/documents/showbyevent.ctp, line 16]
2011-04-30 10:42:18 Notice: Notice (8): Undefined index:  type in [/Users/adriencanterot/Sites/Cahier/app/views/documents/showbyevent.ctp, line 17]
2011-04-30 10:42:18 Notice: Notice (8): Undefined index:  subject_id in [/Users/adriencanterot/Sites/Cahier/app/views/documents/showbyevent.ctp, line 18]
2011-04-30 10:44:34 Notice: Notice (8): Undefined index:  type in [/Users/adriencanterot/Sites/Cahier/app/views/documents/showbyevent.ctp, line 17]
2011-04-30 10:44:34 Notice: Notice (8): Undefined index:  subject_id in [/Users/adriencanterot/Sites/Cahier/app/views/documents/showbyevent.ctp, line 18]
2011-04-30 10:44:34 Notice: Notice (8): Undefined index:  id in [/Users/adriencanterot/Sites/Cahier/app/views/documents/showbyevent.ctp, line 20]
2011-04-30 10:44:56 Notice: Notice (8): Undefined index:  subject_id in [/Users/adriencanterot/Sites/Cahier/app/views/documents/showbyevent.ctp, line 18]
2011-04-30 10:44:56 Notice: Notice (8): Undefined index:  id in [/Users/adriencanterot/Sites/Cahier/app/views/documents/showbyevent.ctp, line 20]
2011-04-30 10:45:04 Notice: Notice (8): Undefined index:  id in [/Users/adriencanterot/Sites/Cahier/app/views/documents/showbyevent.ctp, line 20]
2011-04-30 10:45:10 Notice: Notice (8): Undefined index:  id in [/Users/adriencanterot/Sites/Cahier/app/views/documents/showbyevent.ctp, line 20]
2011-04-30 10:45:15 Notice: Notice (8): Undefined index:  id in [/Users/adriencanterot/Sites/Cahier/app/views/documents/showbyevent.ctp, line 20]
2011-04-30 10:52:54 Notice: Notice (8): Undefined variable: debug in [/Users/adriencanterot/Sites/Cahier/app/views/layouts/homes.ctp, line 76]
2011-04-30 10:52:55 Notice: Notice (8): Undefined variable: debug in [/Users/adriencanterot/Sites/Cahier/app/views/layouts/homes.ctp, line 76]
2011-04-30 10:55:09 Notice: Notice (8): Undefined variable: debug in [/Users/adriencanterot/Sites/Cahier/app/views/layouts/homes.ctp, line 76]
2011-04-30 10:56:25 Notice: Notice (8): Undefined variable: debug in [/Users/adriencanterot/Sites/Cahier/app/views/layouts/homes.ctp, line 76]
2011-04-30 10:56:55 Notice: Notice (8): Undefined variable: debug in [/Users/adriencanterot/Sites/Cahier/app/views/layouts/homes.ctp, line 76]
2011-04-30 10:57:28 Notice: Notice (8): Undefined variable: debug in [/Users/adriencanterot/Sites/Cahier/app/views/layouts/homes.ctp, line 76]
2011-04-30 10:57:57 Notice: Notice (8): Undefined index:  Description in [/Users/adriencanterot/Sites/Cahier/app/views/documents/showbyevent.ctp, line 4]
2011-04-30 10:57:57 Notice: Notice (8): Undefined variable: debug in [/Users/adriencanterot/Sites/Cahier/app/views/layouts/homes.ctp, line 76]
2011-04-30 10:58:02 Notice: Notice (8): Undefined variable: debug in [/Users/adriencanterot/Sites/Cahier/app/views/layouts/homes.ctp, line 76]
2011-04-30 10:58:08 Notice: Notice (8): Undefined variable: debug in [/Users/adriencanterot/Sites/Cahier/app/views/layouts/homes.ctp, line 76]
2011-04-30 10:58:37 Notice: Notice (8): Undefined variable: debug in [/Users/adriencanterot/Sites/Cahier/app/views/layouts/homes.ctp, line 76]
2011-04-30 10:58:39 Notice: Notice (8): Undefined variable: debug in [/Users/adriencanterot/Sites/Cahier/app/views/layouts/homes.ctp, line 76]
2011-04-30 10:58:41 Notice: Notice (8): Undefined variable: debug in [/Users/adriencanterot/Sites/Cahier/app/views/layouts/homes.ctp, line 76]
2011-04-30 10:58:43 Notice: Notice (8): Undefined variable: debug in [/Users/adriencanterot/Sites/Cahier/app/views/layouts/homes.ctp, line 76]
2011-04-30 10:59:03 Notice: Notice (8): Undefined variable: debug in [/Users/adriencanterot/Sites/Cahier/app/views/layouts/homes.ctp, line 76]
2011-04-30 10:59:06 Notice: Notice (8): Undefined variable: debug in [/Users/adriencanterot/Sites/Cahier/app/views/layouts/homes.ctp, line 76]
2011-04-30 10:59:07 Notice: Notice (8): Undefined variable: debug in [/Users/adriencanterot/Sites/Cahier/app/views/layouts/homes.ctp, line 76]
2011-04-30 10:59:17 Notice: Notice (8): Undefined variable: debug in [/Users/adriencanterot/Sites/Cahier/app/views/layouts/homes.ctp, line 76]
2011-04-30 10:59:31 Notice: Notice (8): Undefined variable: debug in [/Users/adriencanterot/Sites/Cahier/app/views/layouts/homes.ctp, line 76]
2011-04-30 10:59:42 Notice: Notice (8): Undefined variable: debug in [/Users/adriencanterot/Sites/Cahier/app/views/layouts/homes.ctp, line 76]
2011-04-30 10:59:43 Notice: Notice (8): Undefined variable: debug in [/Users/adriencanterot/Sites/Cahier/app/views/layouts/homes.ctp, line 76]
2011-04-30 10:59:44 Notice: Notice (8): Undefined variable: debug in [/Users/adriencanterot/Sites/Cahier/app/views/layouts/homes.ctp, line 76]
2011-04-30 10:59:45 Notice: Notice (8): Undefined variable: debug in [/Users/adriencanterot/Sites/Cahier/app/views/layouts/homes.ctp, line 76]
2011-04-30 10:59:47 Notice: Notice (8): Undefined variable: debug in [/Users/adriencanterot/Sites/Cahier/app/views/layouts/homes.ctp, line 76]
2011-04-30 10:59:57 Notice: Notice (8): Undefined variable: debug in [/Users/adriencanterot/Sites/Cahier/app/views/layouts/homes.ctp, line 76]
2011-04-30 11:00:07 Notice: Notice (8): Undefined variable: debug in [/Users/adriencanterot/Sites/Cahier/app/views/layouts/homes.ctp, line 76]
2011-04-30 11:00:11 Notice: Notice (8): Undefined variable: debug in [/Users/adriencanterot/Sites/Cahier/app/views/layouts/homes.ctp, line 76]
2011-04-30 11:00:13 Notice: Notice (8): Undefined variable: debug in [/Users/adriencanterot/Sites/Cahier/app/views/layouts/homes.ctp, line 76]
2011-04-30 11:00:14 Notice: Notice (8): Undefined variable: debug in [/Users/adriencanterot/Sites/Cahier/app/views/layouts/homes.ctp, line 76]
2011-04-30 11:00:16 Notice: Notice (8): Undefined variable: debug in [/Users/adriencanterot/Sites/Cahier/app/views/layouts/homes.ctp, line 76]
2011-04-30 11:00:25 Notice: Notice (8): Undefined variable: debug in [/Users/adriencanterot/Sites/Cahier/app/views/layouts/homes.ctp, line 76]
2011-04-30 11:00:44 Notice: Notice (8): Undefined variable: debug in [/Users/adriencanterot/Sites/Cahier/app/views/layouts/homes.ctp, line 76]
2011-04-30 11:00:46 Notice: Notice (8): Undefined variable: debug in [/Users/adriencanterot/Sites/Cahier/app/views/layouts/homes.ctp, line 76]
2011-04-30 11:00:58 Notice: Notice (8): Undefined variable: debug in [/Users/adriencanterot/Sites/Cahier/app/views/layouts/homes.ctp, line 76]
2011-04-30 11:01:20 Notice: Notice (8): Undefined variable: debug in [/Users/adriencanterot/Sites/Cahier/app/views/layouts/homes.ctp, line 76]
2011-04-30 11:01:26 Notice: Notice (8): Undefined variable: debug in [/Users/adriencanterot/Sites/Cahier/app/views/layouts/homes.ctp, line 76]
2011-04-30 11:01:31 Notice: Notice (8): Undefined variable: debug in [/Users/adriencanterot/Sites/Cahier/app/views/layouts/homes.ctp, line 76]
2011-04-30 11:02:17 Notice: Notice (8): Undefined variable: discussion in [/Users/adriencanterot/Sites/Cahier/app/views/documents/showbyevent.ctp, line 32]
2011-04-30 11:02:17 Notice: Notice (8): Undefined variable: debug in [/Users/adriencanterot/Sites/Cahier/app/views/layouts/homes.ctp, line 76]
2011-04-30 11:13:32 Notice: Notice (8): Undefined index:  Discussion in [/Users/adriencanterot/Sites/Cahier/app/views/documents/showbyevent.ctp, line 32]
2011-04-30 11:13:32 Notice: Notice (8): Undefined variable: debug in [/Users/adriencanterot/Sites/Cahier/app/views/layouts/homes.ctp, line 76]
2011-04-30 11:13:48 Notice: Notice (8): Undefined variable: debug in [/Users/adriencanterot/Sites/Cahier/app/views/layouts/homes.ctp, line 76]
2011-04-30 11:13:50 Notice: Notice (8): Undefined variable: debug in [/Users/adriencanterot/Sites/Cahier/app/views/layouts/homes.ctp, line 76]
2011-04-30 11:13:53 Notice: Notice (8): Undefined variable: debug in [/Users/adriencanterot/Sites/Cahier/app/views/layouts/homes.ctp, line 76]
2011-04-30 11:13:55 Notice: Notice (8): Undefined variable: debug in [/Users/adriencanterot/Sites/Cahier/app/views/layouts/homes.ctp, line 76]
2011-04-30 11:17:05 Notice: Notice (8): Undefined variable: debug in [/Users/adriencanterot/Sites/Cahier/app/views/layouts/homes.ctp, line 76]
2011-04-30 11:18:03 Notice: Notice (8): Undefined variable: debug in [/Users/adriencanterot/Sites/Cahier/app/views/layouts/homes.ctp, line 76]
2011-04-30 11:19:42 Notice: Notice (8): Undefined index:  Discussion in [/Users/adriencanterot/Sites/Cahier/app/views/documents/showbyevent.ctp, line 32]
2011-04-30 11:19:42 Notice: Notice (8): Undefined variable: debug in [/Users/adriencanterot/Sites/Cahier/app/views/layouts/homes.ctp, line 76]
2011-04-30 14:20:16 Notice: Notice (8): Undefined variable: debug in [/Users/adriencanterot/Sites/Cahier/app/views/layouts/homes.ctp, line 76]
2011-04-30 14:20:18 Notice: Notice (8): Undefined variable: debug in [/Users/adriencanterot/Sites/Cahier/app/views/layouts/homes.ctp, line 76]
2011-04-30 14:20:22 Notice: Notice (8): Undefined variable: debug in [/Users/adriencanterot/Sites/Cahier/app/views/layouts/homes.ctp, line 76]
2011-04-30 14:20:44 Notice: Notice (8): Undefined variable: debug in [/Users/adriencanterot/Sites/Cahier/app/views/layouts/homes.ctp, line 76]
2011-04-30 14:20:50 Notice: Notice (8): Undefined variable: debug in [/Users/adriencanterot/Sites/Cahier/app/views/layouts/homes.ctp, line 76]
2011-04-30 14:22:07 Notice: Notice (8): Undefined variable: debug in [/Users/adriencanterot/Sites/Cahier/app/views/layouts/homes.ctp, line 76]
2011-04-30 14:23:33 Notice: Notice (8): Undefined variable: debug in [/Users/adriencanterot/Sites/Cahier/app/views/layouts/homes.ctp, line 76]
2011-04-30 14:23:37 Notice: Notice (8): Undefined variable: debug in [/Users/adriencanterot/Sites/Cahier/app/views/layouts/homes.ctp, line 76]
2011-04-30 14:23:40 Notice: Notice (8): Undefined index:  Discussion in [/Users/adriencanterot/Sites/Cahier/app/views/documents/showbyevent.ctp, line 32]
2011-04-30 14:23:40 Notice: Notice (8): Undefined variable: debug in [/Users/adriencanterot/Sites/Cahier/app/views/layouts/homes.ctp, line 76]
2011-04-30 14:23:49 Notice: Notice (8): Undefined variable: debug in [/Users/adriencanterot/Sites/Cahier/app/views/layouts/homes.ctp, line 76]
2011-04-30 14:24:24 Notice: Notice (8): Undefined variable: debug in [/Users/adriencanterot/Sites/Cahier/app/views/layouts/homes.ctp, line 76]
2011-04-30 14:24:25 Notice: Notice (8): Undefined index:  Discussion in [/Users/adriencanterot/Sites/Cahier/app/views/documents/showbyevent.ctp, line 32]
2011-04-30 14:24:25 Notice: Notice (8): Undefined variable: debug in [/Users/adriencanterot/Sites/Cahier/app/views/layouts/homes.ctp, line 76]
2011-04-30 14:24:27 Notice: Notice (8): Undefined index:  Discussion in [/Users/adriencanterot/Sites/Cahier/app/views/documents/showbyevent.ctp, line 32]
2011-04-30 14:24:27 Notice: Notice (8): Undefined variable: debug in [/Users/adriencanterot/Sites/Cahier/app/views/layouts/homes.ctp, line 76]
2011-04-30 14:24:27 Notice: Notice (8): Undefined index:  Discussion in [/Users/adriencanterot/Sites/Cahier/app/views/documents/showbyevent.ctp, line 32]
2011-04-30 14:24:27 Notice: Notice (8): Undefined variable: debug in [/Users/adriencanterot/Sites/Cahier/app/views/layouts/homes.ctp, line 76]
2011-04-30 14:24:28 Notice: Notice (8): Undefined index:  Discussion in [/Users/adriencanterot/Sites/Cahier/app/views/documents/showbyevent.ctp, line 32]
2011-04-30 14:24:28 Notice: Notice (8): Undefined variable: debug in [/Users/adriencanterot/Sites/Cahier/app/views/layouts/homes.ctp, line 76]
2011-04-30 14:24:32 Notice: Notice (8): Undefined index:  Discussion in [/Users/adriencanterot/Sites/Cahier/app/views/documents/showbyevent.ctp, line 32]
2011-04-30 14:24:32 Notice: Notice (8): Undefined variable: debug in [/Users/adriencanterot/Sites/Cahier/app/views/layouts/homes.ctp, line 76]
2011-04-30 14:24:35 Notice: Notice (8): Undefined variable: debug in [/Users/adriencanterot/Sites/Cahier/app/views/layouts/homes.ctp, line 76]
2011-04-30 14:25:29 Notice: Notice (8): Undefined variable: debug in [/Users/adriencanterot/Sites/Cahier/app/views/layouts/homes.ctp, line 76]
2011-04-30 14:25:32 Notice: Notice (8): Undefined variable: debug in [/Users/adriencanterot/Sites/Cahier/app/views/layouts/homes.ctp, line 76]
2011-04-30 14:25:39 Notice: Notice (8): Undefined index:  Discussion in [/Users/adriencanterot/Sites/Cahier/app/views/documents/showbyevent.ctp, line 32]
2011-04-30 14:25:39 Notice: Notice (8): Undefined variable: debug in [/Users/adriencanterot/Sites/Cahier/app/views/layouts/homes.ctp, line 76]
2011-04-30 14:25:59 Notice: Notice (8): Undefined variable: debug in [/Users/adriencanterot/Sites/Cahier/app/views/layouts/homes.ctp, line 76]
2011-04-30 14:26:01 Notice: Notice (8): Undefined variable: debug in [/Users/adriencanterot/Sites/Cahier/app/views/layouts/homes.ctp, line 76]
2011-04-30 14:26:03 Notice: Notice (8): Undefined variable: debug in [/Users/adriencanterot/Sites/Cahier/app/views/layouts/homes.ctp, line 76]
2011-04-30 14:26:04 Notice: Notice (8): Undefined variable: debug in [/Users/adriencanterot/Sites/Cahier/app/views/layouts/homes.ctp, line 76]
2011-04-30 14:26:04 Notice: Notice (8): Undefined variable: debug in [/Users/adriencanterot/Sites/Cahier/app/views/layouts/homes.ctp, line 76]
2011-04-30 14:26:05 Notice: Notice (8): Undefined variable: debug in [/Users/adriencanterot/Sites/Cahier/app/views/layouts/homes.ctp, line 76]
2011-04-30 14:26:06 Notice: Notice (8): Undefined variable: debug in [/Users/adriencanterot/Sites/Cahier/app/views/layouts/homes.ctp, line 76]
2011-04-30 14:26:11 Notice: Notice (8): Undefined variable: debug in [/Users/adriencanterot/Sites/Cahier/app/views/layouts/homes.ctp, line 76]
2011-04-30 14:26:18 Notice: Notice (8): Undefined variable: debug in [/Users/adriencanterot/Sites/Cahier/app/views/layouts/homes.ctp, line 76]
2011-04-30 19:40:23 Notice: Notice (8): Undefined variable: debug in [/Users/adriencanterot/Sites/Cahier/app/views/layouts/homes.ctp, line 76]
2011-04-30 19:40:27 Notice: Notice (8): Undefined variable: debug in [/Users/adriencanterot/Sites/Cahier/app/views/layouts/homes.ctp, line 76]
2011-04-30 19:40:28 Notice: Notice (8): Undefined variable: debug in [/Users/adriencanterot/Sites/Cahier/app/views/layouts/homes.ctp, line 76]
2011-04-30 19:40:30 Notice: Notice (8): Undefined variable: debug in [/Users/adriencanterot/Sites/Cahier/app/views/layouts/homes.ctp, line 76]
2011-04-30 19:40:33 Notice: Notice (8): Undefined variable: debug in [/Users/adriencanterot/Sites/Cahier/app/views/layouts/homes.ctp, line 76]
2011-04-30 19:40:35 Notice: Notice (8): Undefined variable: debug in [/Users/adriencanterot/Sites/Cahier/app/views/layouts/homes.ctp, line 76]
2011-04-30 19:40:36 Notice: Notice (8): Undefined variable: debug in [/Users/adriencanterot/Sites/Cahier/app/views/layouts/homes.ctp, line 76]
2011-04-30 19:40:41 Notice: Notice (8): Undefined index:  Discussion in [/Users/adriencanterot/Sites/Cahier/app/views/documents/showbyevent.ctp, line 32]
2011-04-30 19:40:41 Notice: Notice (8): Undefined variable: debug in [/Users/adriencanterot/Sites/Cahier/app/views/layouts/homes.ctp, line 76]
2011-04-30 19:46:03 Notice: Notice (8): Undefined variable: debug in [/Users/adriencanterot/Sites/Cahier/app/views/layouts/homes.ctp, line 76]
2011-04-30 19:46:06 Notice: Notice (8): Undefined property: Event::$Document in [/Users/adriencanterot/Sites/Cahier/app/controllers/events_controller.php, line 33]
2011-04-30 19:46:32 Notice: Notice (8): Undefined variable: debug in [/Users/adriencanterot/Sites/Cahier/app/views/layouts/homes.ctp, line 76]
2011-04-30 19:47:07 Notice: Notice (8): Undefined variable: debug in [/Users/adriencanterot/Sites/Cahier/app/views/layouts/homes.ctp, line 76]
2011-04-30 19:47:14 Notice: Notice (8): Undefined index:  Documents in [/Users/adriencanterot/Sites/Cahier/app/models/document.php, line 37]
2011-04-30 19:47:14 Notice: Notice (8): Undefined index:  Subject in [/Users/adriencanterot/Sites/Cahier/app/views/events/view.ctp, line 1]
2011-04-30 19:47:14 Notice: Notice (8): Undefined index:  Event in [/Users/adriencanterot/Sites/Cahier/app/views/events/view.ctp, line 2]
2011-04-30 19:47:14 Notice: Notice (8): Undefined index:  Event in [/Users/adriencanterot/Sites/Cahier/app/views/events/view.ctp, line 4]
2011-04-30 19:47:14 Notice: Notice (8): Undefined index:  Discussion in [/Users/adriencanterot/Sites/Cahier/app/views/events/view.ctp, line 32]
2011-04-30 19:47:14 Notice: Notice (8): Undefined variable: debug in [/Users/adriencanterot/Sites/Cahier/app/views/layouts/homes.ctp, line 76]
2011-04-30 19:47:37 Notice: Notice (8): Undefined index:  Documents in [/Users/adriencanterot/Sites/Cahier/app/models/document.php, line 37]
2011-04-30 19:47:37 Notice: Notice (8): Undefined index:  Subject in [/Users/adriencanterot/Sites/Cahier/app/views/events/view.ctp, line 1]
2011-04-30 19:47:38 Notice: Notice (8): Undefined index:  Event in [/Users/adriencanterot/Sites/Cahier/app/views/events/view.ctp, line 2]
2011-04-30 19:47:38 Notice: Notice (8): Undefined index:  Event in [/Users/adriencanterot/Sites/Cahier/app/views/events/view.ctp, line 4]
2011-04-30 19:47:38 Notice: Notice (8): Undefined index:  Discussion in [/Users/adriencanterot/Sites/Cahier/app/views/events/view.ctp, line 32]
2011-04-30 19:47:38 Notice: Notice (8): Undefined variable: debug in [/Users/adriencanterot/Sites/Cahier/app/views/layouts/homes.ctp, line 76]
2011-04-30 19:48:22 Notice: Notice (8): Undefined index:  Documents in [/Users/adriencanterot/Sites/Cahier/app/models/document.php, line 37]
2011-04-30 19:48:22 Notice: Notice (8): Undefined index:  Subject in [/Users/adriencanterot/Sites/Cahier/app/views/events/view.ctp, line 1]
2011-04-30 19:48:22 Notice: Notice (8): Undefined index:  Event in [/Users/adriencanterot/Sites/Cahier/app/views/events/view.ctp, line 2]
2011-04-30 19:48:22 Notice: Notice (8): Undefined index:  Event in [/Users/adriencanterot/Sites/Cahier/app/views/events/view.ctp, line 4]
2011-04-30 19:48:22 Notice: Notice (8): Undefined index:  Discussion in [/Users/adriencanterot/Sites/Cahier/app/views/events/view.ctp, line 32]
2011-04-30 19:48:22 Notice: Notice (8): Undefined variable: debug in [/Users/adriencanterot/Sites/Cahier/app/views/layouts/homes.ctp, line 76]
2011-04-30 19:49:27 Notice: Notice (8): Undefined index:  Documents in [/Users/adriencanterot/Sites/Cahier/app/models/document.php, line 37]
2011-04-30 19:49:27 Notice: Notice (8): Undefined index:  Subject in [/Users/adriencanterot/Sites/Cahier/app/views/events/view.ctp, line 1]
2011-04-30 19:49:27 Notice: Notice (8): Undefined index:  Event in [/Users/adriencanterot/Sites/Cahier/app/views/events/view.ctp, line 2]
2011-04-30 19:49:27 Notice: Notice (8): Undefined index:  Event in [/Users/adriencanterot/Sites/Cahier/app/views/events/view.ctp, line 4]
2011-04-30 19:49:27 Notice: Notice (8): Undefined index:  Discussion in [/Users/adriencanterot/Sites/Cahier/app/views/events/view.ctp, line 32]
2011-04-30 19:49:27 Notice: Notice (8): Undefined variable: debug in [/Users/adriencanterot/Sites/Cahier/app/views/layouts/homes.ctp, line 76]
2011-04-30 19:49:29 Notice: Notice (8): Undefined index:  Documents in [/Users/adriencanterot/Sites/Cahier/app/models/document.php, line 37]
2011-04-30 19:49:29 Notice: Notice (8): Undefined index:  Subject in [/Users/adriencanterot/Sites/Cahier/app/views/events/view.ctp, line 1]
2011-04-30 19:49:29 Notice: Notice (8): Undefined index:  Event in [/Users/adriencanterot/Sites/Cahier/app/views/events/view.ctp, line 2]
2011-04-30 19:49:29 Notice: Notice (8): Undefined index:  Event in [/Users/adriencanterot/Sites/Cahier/app/views/events/view.ctp, line 4]
2011-04-30 19:49:29 Notice: Notice (8): Undefined index:  Discussion in [/Users/adriencanterot/Sites/Cahier/app/views/events/view.ctp, line 32]
2011-04-30 19:49:29 Notice: Notice (8): Undefined variable: debug in [/Users/adriencanterot/Sites/Cahier/app/views/layouts/homes.ctp, line 76]
2011-04-30 19:52:46 Notice: Notice (8): Undefined index:  Documents in [/Users/adriencanterot/Sites/Cahier/app/models/document.php, line 37]
2011-04-30 19:52:46 Notice: Notice (8): Undefined index:  Subject in [/Users/adriencanterot/Sites/Cahier/app/views/events/view.ctp, line 1]
2011-04-30 19:52:46 Notice: Notice (8): Undefined index:  Event in [/Users/adriencanterot/Sites/Cahier/app/views/events/view.ctp, line 2]
2011-04-30 19:52:46 Notice: Notice (8): Undefined index:  Event in [/Users/adriencanterot/Sites/Cahier/app/views/events/view.ctp, line 4]
2011-04-30 19:52:46 Notice: Notice (8): Undefined index:  Discussion in [/Users/adriencanterot/Sites/Cahier/app/views/events/view.ctp, line 32]
2011-04-30 19:52:46 Notice: Notice (8): Undefined variable: debug in [/Users/adriencanterot/Sites/Cahier/app/views/layouts/homes.ctp, line 76]
2011-04-30 19:53:14 Notice: Notice (8): Undefined index:  Documents in [/Users/adriencanterot/Sites/Cahier/app/models/document.php, line 37]
2011-04-30 19:53:14 Notice: Notice (8): Undefined variable: event in [/Users/adriencanterot/Sites/Cahier/app/views/events/view.ctp, line 1]
2011-04-30 19:53:14 Notice: Notice (8): Undefined variable: event in [/Users/adriencanterot/Sites/Cahier/app/views/events/view.ctp, line 2]
2011-04-30 19:53:14 Notice: Notice (8): Undefined variable: event in [/Users/adriencanterot/Sites/Cahier/app/views/events/view.ctp, line 4]
2011-04-30 19:53:14 Notice: Notice (8): Undefined variable: event in [/Users/adriencanterot/Sites/Cahier/app/views/events/view.ctp, line 32]
2011-04-30 19:53:25 Notice: Notice (8): Undefined variable: event in [/Users/adriencanterot/Sites/Cahier/app/views/events/view.ctp, line 1]
2011-04-30 19:53:25 Notice: Notice (8): Undefined variable: event in [/Users/adriencanterot/Sites/Cahier/app/views/events/view.ctp, line 2]
2011-04-30 19:53:25 Notice: Notice (8): Undefined variable: event in [/Users/adriencanterot/Sites/Cahier/app/views/events/view.ctp, line 4]
2011-04-30 19:53:25 Notice: Notice (8): Undefined variable: event in [/Users/adriencanterot/Sites/Cahier/app/views/events/view.ctp, line 32]
2011-04-30 19:53:46 Notice: Notice (8): Undefined index:  Documents in [/Users/adriencanterot/Sites/Cahier/app/models/document.php, line 37]
2011-04-30 19:53:46 Notice: Notice (8): Undefined variable: event in [/Users/adriencanterot/Sites/Cahier/app/views/events/view.ctp, line 1]
2011-04-30 19:53:46 Notice: Notice (8): Undefined variable: event in [/Users/adriencanterot/Sites/Cahier/app/views/events/view.ctp, line 2]
2011-04-30 19:53:46 Notice: Notice (8): Undefined variable: event in [/Users/adriencanterot/Sites/Cahier/app/views/events/view.ctp, line 4]
2011-04-30 19:53:46 Notice: Notice (8): Undefined variable: event in [/Users/adriencanterot/Sites/Cahier/app/views/events/view.ctp, line 32]
2011-04-30 19:55:10 Notice: Notice (8): Undefined variable: event in [/Users/adriencanterot/Sites/Cahier/app/controllers/events_controller.php, line 34]
2011-04-30 19:55:10 Notice: Notice (8): Undefined index:  Discussion in [/Users/adriencanterot/Sites/Cahier/app/views/events/view.ctp, line 32]
2011-04-30 19:55:10 Notice: Notice (8): Undefined variable: debug in [/Users/adriencanterot/Sites/Cahier/app/views/layouts/homes.ctp, line 76]
2011-04-30 20:03:20 Notice: Notice (8): Undefined variable: event in [/Users/adriencanterot/Sites/Cahier/app/controllers/events_controller.php, line 34]
2011-04-30 20:03:21 Notice: Notice (8): Undefined index:  Discussion in [/Users/adriencanterot/Sites/Cahier/app/views/events/view.ctp, line 32]
2011-04-30 20:03:21 Notice: Notice (8): Undefined variable: debug in [/Users/adriencanterot/Sites/Cahier/app/views/layouts/homes.ctp, line 76]
2011-04-30 20:04:40 Notice: Notice (8): Undefined index:  Documents in [/Users/adriencanterot/Sites/Cahier/app/models/document.php, line 37]
2011-04-30 20:04:40 Notice: Notice (8): Undefined index:  Discussion in [/Users/adriencanterot/Sites/Cahier/app/views/events/view.ctp, line 32]
2011-04-30 20:04:40 Notice: Notice (8): Undefined variable: debug in [/Users/adriencanterot/Sites/Cahier/app/views/layouts/homes.ctp, line 76]
2011-04-30 20:05:48 Notice: Notice (8): Undefined index:  Documents in [/Users/adriencanterot/Sites/Cahier/app/models/document.php, line 37]
2011-04-30 20:05:49 Notice: Notice (8): Undefined variable: event in [/Users/adriencanterot/Sites/Cahier/app/views/events/view.ctp, line 1]
2011-04-30 20:05:49 Notice: Notice (8): Undefined variable: event in [/Users/adriencanterot/Sites/Cahier/app/views/events/view.ctp, line 2]
2011-04-30 20:05:49 Notice: Notice (8): Undefined variable: event in [/Users/adriencanterot/Sites/Cahier/app/views/events/view.ctp, line 4]
2011-04-30 20:05:49 Notice: Notice (8): Undefined variable: event in [/Users/adriencanterot/Sites/Cahier/app/views/events/view.ctp, line 32]
2011-04-30 20:06:22 Notice: Notice (8): Undefined index:  Discussion in [/Users/adriencanterot/Sites/Cahier/app/views/events/view.ctp, line 32]
2011-04-30 20:06:23 Notice: Notice (8): Undefined variable: debug in [/Users/adriencanterot/Sites/Cahier/app/views/layouts/homes.ctp, line 76]
2011-04-30 20:06:54 Notice: Notice (8): Undefined index:  Discussion in [/Users/adriencanterot/Sites/Cahier/app/views/events/view.ctp, line 32]
2011-04-30 20:06:54 Notice: Notice (8): Undefined variable: debug in [/Users/adriencanterot/Sites/Cahier/app/views/layouts/homes.ctp, line 76]
2011-04-30 20:08:20 Notice: Notice (8): Undefined index:  Discussion in [/Users/adriencanterot/Sites/Cahier/app/views/events/view.ctp, line 32]
2011-04-30 20:08:20 Notice: Notice (8): Undefined variable: debug in [/Users/adriencanterot/Sites/Cahier/app/views/layouts/homes.ctp, line 76]
2011-04-30 20:08:21 Notice: Notice (8): Undefined index:  Discussion in [/Users/adriencanterot/Sites/Cahier/app/views/events/view.ctp, line 32]
2011-04-30 20:08:21 Notice: Notice (8): Undefined variable: debug in [/Users/adriencanterot/Sites/Cahier/app/views/layouts/homes.ctp, line 76]
2011-04-30 20:08:26 Notice: Notice (8): Undefined index:  Discussion in [/Users/adriencanterot/Sites/Cahier/app/views/events/view.ctp, line 32]
2011-04-30 20:08:26 Notice: Notice (8): Undefined variable: debug in [/Users/adriencanterot/Sites/Cahier/app/views/layouts/homes.ctp, line 76]
2011-04-30 20:08:28 Notice: Notice (8): Undefined index:  Discussion in [/Users/adriencanterot/Sites/Cahier/app/views/events/view.ctp, line 32]
2011-04-30 20:08:29 Notice: Notice (8): Undefined variable: debug in [/Users/adriencanterot/Sites/Cahier/app/views/layouts/homes.ctp, line 76]
2011-04-30 20:08:33 Notice: Notice (8): Undefined index:  Discussion in [/Users/adriencanterot/Sites/Cahier/app/views/events/view.ctp, line 32]
2011-04-30 20:08:33 Notice: Notice (8): Undefined variable: debug in [/Users/adriencanterot/Sites/Cahier/app/views/layouts/homes.ctp, line 76]
2011-04-30 20:08:40 Notice: Notice (8): Undefined index:  Discussion in [/Users/adriencanterot/Sites/Cahier/app/views/events/view.ctp, line 32]
2011-04-30 20:08:40 Notice: Notice (8): Undefined variable: debug in [/Users/adriencanterot/Sites/Cahier/app/views/layouts/homes.ctp, line 76]
2011-04-30 20:08:42 Notice: Notice (8): Undefined index:  Discussion in [/Users/adriencanterot/Sites/Cahier/app/views/events/view.ctp, line 32]
2011-04-30 20:08:42 Notice: Notice (8): Undefined variable: debug in [/Users/adriencanterot/Sites/Cahier/app/views/layouts/homes.ctp, line 76]
2011-04-30 20:08:45 Notice: Notice (8): Undefined index:  Discussion in [/Users/adriencanterot/Sites/Cahier/app/views/events/view.ctp, line 32]
2011-04-30 20:08:45 Notice: Notice (8): Undefined variable: debug in [/Users/adriencanterot/Sites/Cahier/app/views/layouts/homes.ctp, line 76]
2011-04-30 20:08:48 Notice: Notice (8): Undefined index:  Discussion in [/Users/adriencanterot/Sites/Cahier/app/views/events/view.ctp, line 32]
2011-04-30 20:08:49 Notice: Notice (8): Undefined variable: debug in [/Users/adriencanterot/Sites/Cahier/app/views/layouts/homes.ctp, line 76]
2011-04-30 20:10:19 Notice: Notice (8): Undefined index:  Discussion in [/Users/adriencanterot/Sites/Cahier/app/views/events/view.ctp, line 32]
2011-04-30 20:10:19 Notice: Notice (8): Undefined variable: debug in [/Users/adriencanterot/Sites/Cahier/app/views/layouts/homes.ctp, line 76]
2011-04-30 20:10:25 Notice: Notice (8): Undefined index:  Discussion in [/Users/adriencanterot/Sites/Cahier/app/views/events/view.ctp, line 32]
2011-04-30 20:10:25 Notice: Notice (8): Undefined variable: debug in [/Users/adriencanterot/Sites/Cahier/app/views/layouts/homes.ctp, line 76]
2011-04-30 20:10:29 Notice: Notice (8): Undefined index:  Discussion in [/Users/adriencanterot/Sites/Cahier/app/views/events/view.ctp, line 32]
2011-04-30 20:10:29 Notice: Notice (8): Undefined variable: debug in [/Users/adriencanterot/Sites/Cahier/app/views/layouts/homes.ctp, line 76]
2011-04-30 20:15:06 Notice: Notice (8): Undefined index:  Discussion in [/Users/adriencanterot/Sites/Cahier/app/views/events/view.ctp, line 32]
2011-04-30 20:15:06 Notice: Notice (8): Undefined variable: debug in [/Users/adriencanterot/Sites/Cahier/app/views/layouts/homes.ctp, line 76]
2011-04-30 20:16:11 Notice: Notice (8): Undefined index:  Discussion in [/Users/adriencanterot/Sites/Cahier/app/views/events/view.ctp, line 32]
2011-04-30 20:16:12 Notice: Notice (8): Undefined variable: debug in [/Users/adriencanterot/Sites/Cahier/app/views/layouts/homes.ctp, line 76]
2011-04-30 20:22:56 Notice: Notice (8): Undefined variable: debug in [/Users/adriencanterot/Sites/Cahier/app/views/layouts/homes.ctp, line 76]
2011-04-30 20:23:34 Notice: Notice (8): Undefined variable: debug in [/Users/adriencanterot/Sites/Cahier/app/views/layouts/homes.ctp, line 76]
2011-04-30 20:23:49 Notice: Notice (8): Undefined variable: debug in [/Users/adriencanterot/Sites/Cahier/app/views/layouts/homes.ctp, line 76]
2011-04-30 20:24:37 Notice: Notice (8): Undefined index:  type in [/Users/adriencanterot/Sites/Cahier/cake/libs/view/helpers/form.php, line 274]
2011-04-30 20:24:37 Notice: Notice (8): Undefined index:  type in [/Users/adriencanterot/Sites/Cahier/cake/libs/view/helpers/form.php, line 291]
2011-04-30 20:24:37 Notice: Notice (8): Undefined index:  default in [/Users/adriencanterot/Sites/Cahier/cake/libs/view/helpers/form.php, line 296]
2011-04-30 20:24:37 Notice: Notice (8): Undefined index:  before in [/Users/adriencanterot/Sites/Cahier/cake/libs/view/helpers/form.php, line 855]
2011-04-30 20:24:37 Notice: Notice (8): Undefined index:  between in [/Users/adriencanterot/Sites/Cahier/cake/libs/view/helpers/form.php, line 855]
2011-04-30 20:24:37 Notice: Notice (8): Undefined index:  after in [/Users/adriencanterot/Sites/Cahier/cake/libs/view/helpers/form.php, line 855]
2011-04-30 20:24:37 Notice: Notice (8): Undefined index:  format in [/Users/adriencanterot/Sites/Cahier/cake/libs/view/helpers/form.php, line 858]
2011-04-30 20:24:37 Notice: Notice (8): Undefined variable: debug in [/Users/adriencanterot/Sites/Cahier/app/views/layouts/homes.ctp, line 76]
2011-04-30 20:25:07 Notice: Notice (8): Undefined variable: debug in [/Users/adriencanterot/Sites/Cahier/app/views/layouts/homes.ctp, line 76]
2011-04-30 20:25:36 Notice: Notice (8): Undefined variable: debug in [/Users/adriencanterot/Sites/Cahier/app/views/layouts/homes.ctp, line 76]
2011-04-30 20:25:59 Notice: Notice (8): Undefined variable: debug in [/Users/adriencanterot/Sites/Cahier/app/views/layouts/homes.ctp, line 76]
2011-04-30 20:30:25 Notice: Notice (8): Undefined variable: debug in [/Users/adriencanterot/Sites/Cahier/app/views/layouts/homes.ctp, line 76]
2011-04-30 20:30:43 Notice: Notice (8): Undefined variable: debug in [/Users/adriencanterot/Sites/Cahier/app/views/layouts/homes.ctp, line 76]
2011-04-30 20:30:54 Notice: Notice (8): Undefined variable: debug in [/Users/adriencanterot/Sites/Cahier/app/views/layouts/homes.ctp, line 76]
2011-04-30 20:32:32 Notice: Notice (8): Undefined variable: debug in [/Users/adriencanterot/Sites/Cahier/app/views/layouts/homes.ctp, line 76]
2011-04-30 20:32:33 Notice: Notice (8): Undefined variable: debug in [/Users/adriencanterot/Sites/Cahier/app/views/layouts/homes.ctp, line 76]
2011-04-30 20:35:52 Notice: Notice (8): Undefined variable: debug in [/Users/adriencanterot/Sites/Cahier/app/views/layouts/homes.ctp, line 76]
2011-04-30 20:35:54 Notice: Notice (8): Undefined variable: debug in [/Users/adriencanterot/Sites/Cahier/app/views/layouts/homes.ctp, line 76]
2011-04-30 20:36:19 Notice: Notice (8): Undefined variable: debug in [/Users/adriencanterot/Sites/Cahier/app/views/layouts/homes.ctp, line 76]
2011-04-30 20:37:09 Notice: Notice (8): Undefined variable: debug in [/Users/adriencanterot/Sites/Cahier/app/views/layouts/homes.ctp, line 76]
2011-04-30 20:39:06 Notice: Notice (8): Undefined property: DiscussionsController::$referer in [/Users/adriencanterot/Sites/Cahier/app/controllers/discussions_controller.php, line 7]
2011-04-30 20:39:25 Notice: Notice (8): Undefined index:  Student in [/Users/adriencanterot/Sites/Cahier/app/views/elements/discussion.ctp, line 4]
2011-04-30 20:39:25 Notice: Notice (8): Undefined variable: debug in [/Users/adriencanterot/Sites/Cahier/app/views/layouts/homes.ctp, line 76]
2011-04-30 20:39:47 Notice: Notice (8): Undefined index:  Student in [/Users/adriencanterot/Sites/Cahier/app/views/elements/discussion.ctp, line 4]
2011-04-30 20:39:47 Notice: Notice (8): Undefined variable: debug in [/Users/adriencanterot/Sites/Cahier/app/views/layouts/homes.ctp, line 76]
2011-04-30 20:40:31 Notice: Notice (8): Undefined index:  Student in [/Users/adriencanterot/Sites/Cahier/app/views/elements/discussion.ctp, line 4]
2011-04-30 20:40:31 Notice: Notice (8): Undefined variable: debug in [/Users/adriencanterot/Sites/Cahier/app/views/layouts/homes.ctp, line 76]
2011-04-30 20:42:57 Notice: Notice (8): Undefined property: EventsController::$Discussion in [/Users/adriencanterot/Sites/Cahier/app/controllers/events_controller.php, line 37]
2011-04-30 20:43:28 Notice: Notice (8): Undefined variable: debug in [/Users/adriencanterot/Sites/Cahier/app/views/layouts/homes.ctp, line 76]
2011-04-30 20:43:54 Notice: Notice (8): Undefined variable: debug in [/Users/adriencanterot/Sites/Cahier/app/views/layouts/homes.ctp, line 76]
2011-04-30 20:44:01 Notice: Notice (8): Undefined index:  text in [/Users/adriencanterot/Sites/Cahier/app/views/elements/discussion.ctp, line 4]
2011-04-30 20:44:01 Notice: Notice (8): Undefined variable: debug in [/Users/adriencanterot/Sites/Cahier/app/views/layouts/homes.ctp, line 76]
2011-04-30 20:44:43 Notice: Notice (8): Undefined variable: discussions in [/Users/adriencanterot/Sites/Cahier/app/views/events/view.ctp, line 32]
2011-04-30 20:44:43 Notice: Notice (8): Undefined variable: discussions in [/Users/adriencanterot/Sites/Cahier/app/views/elements/discussion.ctp, line 3]
2011-04-30 20:46:24 Notice: Notice (8): Undefined variable: debug in [/Users/adriencanterot/Sites/Cahier/app/views/layouts/homes.ctp, line 76]
2011-04-30 20:47:04 Notice: Notice (8): Undefined variable: debug in [/Users/adriencanterot/Sites/Cahier/app/views/layouts/homes.ctp, line 76]
2011-04-30 20:47:10 Notice: Notice (8): Undefined variable: debug in [/Users/adriencanterot/Sites/Cahier/app/views/layouts/homes.ctp, line 76]
2011-04-30 20:47:17 Notice: Notice (8): Undefined variable: debug in [/Users/adriencanterot/Sites/Cahier/app/views/layouts/homes.ctp, line 76]
2011-04-30 20:47:42 Notice: Notice (8): Undefined variable: debug in [/Users/adriencanterot/Sites/Cahier/app/views/layouts/homes.ctp, line 76]
2011-04-30 20:47:45 Notice: Notice (8): Undefined variable: debug in [/Users/adriencanterot/Sites/Cahier/app/views/layouts/homes.ctp, line 76]
2011-04-30 20:51:31 Notice: Notice (8): Undefined variable: debug in [/Users/adriencanterot/Sites/Cahier/app/views/layouts/homes.ctp, line 76]
2011-04-30 20:51:48 Notice: Notice (8): Undefined variable: debug in [/Users/adriencanterot/Sites/Cahier/app/views/layouts/homes.ctp, line 76]
2011-04-30 20:51:52 Notice: Notice (8): Undefined variable: debug in [/Users/adriencanterot/Sites/Cahier/app/views/layouts/homes.ctp, line 76]
2011-04-30 20:52:20 Notice: Notice (8): Undefined index:  Event in [/Users/adriencanterot/Sites/Cahier/app/views/elements/discussion.ctp, line 12]
2011-04-30 20:52:20 Notice: Notice (8): Undefined variable: debug in [/Users/adriencanterot/Sites/Cahier/app/views/layouts/homes.ctp, line 76]
2011-04-30 20:52:45 Notice: Notice (8): Undefined variable: debug in [/Users/adriencanterot/Sites/Cahier/app/views/layouts/homes.ctp, line 76]
2011-04-30 20:52:49 Notice: Notice (8): Undefined variable: debug in [/Users/adriencanterot/Sites/Cahier/app/views/layouts/homes.ctp, line 76]
2011-04-30 20:53:44 Notice: Notice (8): Undefined variable: debug in [/Users/adriencanterot/Sites/Cahier/app/views/layouts/homes.ctp, line 76]
2011-04-30 21:01:58 Notice: Notice (8): Undefined variable: debug in [/Users/adriencanterot/Sites/Cahier/app/views/layouts/homes.ctp, line 76]
2011-04-30 21:02:04 Notice: Notice (8): Undefined variable: debug in [/Users/adriencanterot/Sites/Cahier/app/views/layouts/homes.ctp, line 76]
2011-04-30 21:57:43 Notice: Notice (8): Undefined index: DocumentElement in [/Users/adriencanterot/Sites/Cahier/app/views/documents/show.ctp, line 9]
2011-04-30 22:00:13 Notice: Notice (8): Undefined variable: discussions in [/Users/adriencanterot/Sites/Cahier/app/views/documents/show.ctp, line 14]
2011-04-30 22:17:53 Notice: Notice (8): Undefined index: DocumentElement in [/Users/adriencanterot/Sites/Cahier/app/views/documents/show.ctp, line 7]
2011-04-30 22:17:53 Notice: Notice (8): Undefined property: View::$id in [/Users/adriencanterot/Sites/Cahier/app/views/documents/show.ctp, line 14]
2011-04-30 22:18:15 Notice: Notice (8): Undefined index: page_number in [/Users/adriencanterot/Sites/Cahier/app/views/documents/show.ctp, line 9]
2011-04-30 22:18:15 Notice: Notice (8): Undefined index: path in [/Users/adriencanterot/Sites/Cahier/app/views/documents/show.ctp, line 9]
2011-04-30 22:18:15 Notice: Notice (8): Undefined property: View::$id in [/Users/adriencanterot/Sites/Cahier/app/views/documents/show.ctp, line 14]
2011-04-30 22:18:45 Notice: Notice (8): Undefined index: page_number in [/Users/adriencanterot/Sites/Cahier/app/views/documents/show.ctp, line 9]
2011-04-30 22:18:46 Notice: Notice (8): Undefined index: path in [/Users/adriencanterot/Sites/Cahier/app/views/documents/show.ctp, line 9]
2011-04-30 22:18:46 Notice: Notice (8): Undefined property: View::$id in [/Users/adriencanterot/Sites/Cahier/app/views/documents/show.ctp, line 14]
2011-04-30 22:21:27 Notice: Notice (8): Undefined index: page_number in [/Users/adriencanterot/Sites/Cahier/app/views/documents/show.ctp, line 9]
2011-04-30 22:21:27 Notice: Notice (8): Undefined index: path in [/Users/adriencanterot/Sites/Cahier/app/views/documents/show.ctp, line 9]
2011-04-30 22:21:27 Notice: Notice (8): Undefined property: View::$id in [/Users/adriencanterot/Sites/Cahier/app/views/documents/show.ctp, line 14]
2011-04-30 22:22:10 Notice: Notice (8): Undefined index: page_number in [/Users/adriencanterot/Sites/Cahier/app/views/documents/show.ctp, line 9]
2011-04-30 22:22:10 Notice: Notice (8): Undefined index: path in [/Users/adriencanterot/Sites/Cahier/app/views/documents/show.ctp, line 9]
2011-04-30 22:22:26 Notice: Notice (8): Undefined index: path in [/Users/adriencanterot/Sites/Cahier/app/views/documents/show.ctp, line 9]
2011-04-30 23:06:01 Notice: Notice (8): Undefined variable: discussions in [/Users/adriencanterot/Sites/Cahier/app/views/elements/discussion.ctp, line 3]
2011-04-30 23:11:01 Notice: Notice (8): Undefined variable: discussion in [/Users/adriencanterot/Sites/Cahier/app/views/events/view.ctp, line 32]
