2011-04-25 08:37:46 Warning: Warning (2): include_once(/Users/adriencanterot/Sites/Cake/app/config/database.php) [<a href='http://php.net/function.include-once'>function.include-once</a>]: failed to open stream: No such file or directory in [/Users/adriencanterot/Sites/Cake/cake/libs/model/connection_manager.php, line 23]
2011-04-25 08:37:46 Warning: Warning (2): include_once() [<a href='http://php.net/function.include'>function.include</a>]: Failed opening '/Users/adriencanterot/Sites/Cake/app/config/database.php' for inclusion (include_path='/Users/adriencanterot/Sites/Cake:/Users/adriencanterot/Sites/Cake/app/:.:/Applications/MAMP/bin/php5.2/lib/php') in [/Users/adriencanterot/Sites/Cake/cake/libs/model/connection_manager.php, line 23]
2011-04-25 08:37:46 Error: Fatal Error (256): ConnectionManager::getDataSource - Non-existent data source default in [/Users/adriencanterot/Sites/Cake/cake/libs/model/connection_manager.php, line 102]
2011-04-25 08:53:53 Warning: Warning (2): include_once(/Users/adriencanterot/Sites/Cahier/app/config/database.php) [<a href='http://php.net/function.include-once'>function.include-once</a>]: failed to open stream: No such file or directory in [/Users/adriencanterot/Sites/Cahier/cake/libs/model/connection_manager.php, line 23]
2011-04-25 08:53:53 Warning: Warning (2): include_once() [<a href='http://php.net/function.include'>function.include</a>]: Failed opening '/Users/adriencanterot/Sites/Cahier/app/config/database.php' for inclusion (include_path='/Users/adriencanterot/Sites/Cahier:/Users/adriencanterot/Sites/Cahier/app/:.:/Applications/MAMP/bin/php5.2/lib/php') in [/Users/adriencanterot/Sites/Cahier/cake/libs/model/connection_manager.php, line 23]
2011-04-25 08:53:53 Error: Fatal Error (256): ConnectionManager::getDataSource - Non-existent data source default in [/Users/adriencanterot/Sites/Cahier/cake/libs/model/connection_manager.php, line 102]
2011-04-25 08:54:12 Warning: Warning (2): include_once(/Users/adriencanterot/Sites/Cahier/app/config/database.php) [<a href='http://php.net/function.include-once'>function.include-once</a>]: failed to open stream: No such file or directory in [/Users/adriencanterot/Sites/Cahier/cake/libs/model/connection_manager.php, line 23]
2011-04-25 08:54:12 Warning: Warning (2): include_once() [<a href='http://php.net/function.include'>function.include</a>]: Failed opening '/Users/adriencanterot/Sites/Cahier/app/config/database.php' for inclusion (include_path='/Users/adriencanterot/Sites/Cahier:/Users/adriencanterot/Sites/Cahier/app/:.:/Applications/MAMP/bin/php5.2/lib/php') in [/Users/adriencanterot/Sites/Cahier/cake/libs/model/connection_manager.php, line 23]
2011-04-25 08:54:12 Error: Fatal Error (256): ConnectionManager::getDataSource - Non-existent data source default in [/Users/adriencanterot/Sites/Cahier/cake/libs/model/connection_manager.php, line 102]
2011-04-25 08:54:13 Warning: Warning (2): include_once(/Users/adriencanterot/Sites/Cahier/app/config/database.php) [<a href='http://php.net/function.include-once'>function.include-once</a>]: failed to open stream: No such file or directory in [/Users/adriencanterot/Sites/Cahier/cake/libs/model/connection_manager.php, line 23]
2011-04-25 08:54:13 Warning: Warning (2): include_once() [<a href='http://php.net/function.include'>function.include</a>]: Failed opening '/Users/adriencanterot/Sites/Cahier/app/config/database.php' for inclusion (include_path='/Users/adriencanterot/Sites/Cahier:/Users/adriencanterot/Sites/Cahier/app/:.:/Applications/MAMP/bin/php5.2/lib/php') in [/Users/adriencanterot/Sites/Cahier/cake/libs/model/connection_manager.php, line 23]
2011-04-25 08:54:13 Error: Fatal Error (256): ConnectionManager::getDataSource - Non-existent data source default in [/Users/adriencanterot/Sites/Cahier/cake/libs/model/connection_manager.php, line 102]
2011-04-25 08:54:57 Warning: Warning (2): mysql_connect() [<a href='http://php.net/function.mysql-connect'>function.mysql-connect</a>]: Access denied for user 'user'@'localhost' (using password: YES) in [/Users/adriencanterot/Sites/Cahier/cake/libs/model/datasources/dbo/dbo_mysql.php, line 552]
2011-04-25 08:54:57 Warning: Warning (2): mysql_select_db(): supplied argument is not a valid MySQL-Link resource in [/Users/adriencanterot/Sites/Cahier/cake/libs/model/datasources/dbo/dbo_mysql.php, line 558]
2011-04-25 08:54:57 Warning: Warning (2): mysql_get_server_info(): supplied argument is not a valid MySQL-Link resource in [/Users/adriencanterot/Sites/Cahier/cake/libs/model/datasources/dbo/dbo_mysql.php, line 566]
2011-04-25 08:54:57 Warning: Warning (2): mysql_query(): supplied argument is not a valid MySQL-Link resource in [/Users/adriencanterot/Sites/Cahier/cake/libs/model/datasources/dbo/dbo_mysql.php, line 600]
2011-04-25 08:54:57 Warning: Warning (2): Cannot modify header information - headers already sent by (output started at /Users/adriencanterot/Sites/Cahier/cake/libs/debugger.php:673) in [/Users/adriencanterot/Sites/Cahier/cake/libs/controller/controller.php, line 742]
2011-04-25 13:48:59 Warning: Warning (2): Invalid argument supplied for foreach() in [/Users/adriencanterot/Sites/Cahier/app/views/elements/subjects_documents.ctp, line 1]
2011-04-25 17:43:30 Warning: Warning (2): mysql_connect() [<a href='http://php.net/function.mysql-connect'>function.mysql-connect</a>]: Can't connect to local MySQL server through socket '/Applications/MAMP/tmp/mysql/mysql.sock' (2) in [/Users/adriencanterot/Sites/Cahier/cake/libs/model/datasources/dbo/dbo_mysql.php, line 552]
2011-04-25 17:43:30 Warning: Warning (2): mysql_select_db(): supplied argument is not a valid MySQL-Link resource in [/Users/adriencanterot/Sites/Cahier/cake/libs/model/datasources/dbo/dbo_mysql.php, line 558]
2011-04-25 17:43:30 Warning: Warning (2): mysql_get_server_info(): supplied argument is not a valid MySQL-Link resource in [/Users/adriencanterot/Sites/Cahier/cake/libs/model/datasources/dbo/dbo_mysql.php, line 566]
2011-04-25 17:43:30 Warning: Warning (2): mysql_query(): supplied argument is not a valid MySQL-Link resource in [/Users/adriencanterot/Sites/Cahier/cake/libs/model/datasources/dbo/dbo_mysql.php, line 600]
2011-04-25 17:43:30 Warning: Warning (2): Cannot modify header information - headers already sent by (output started at /Users/adriencanterot/Sites/Cahier/cake/libs/debugger.php:673) in [/Users/adriencanterot/Sites/Cahier/cake/libs/controller/controller.php, line 742]
2011-04-25 17:53:31 Warning: Warning (2): mysql_connect() [<a href='http://php.net/function.mysql-connect'>function.mysql-connect</a>]: Can't connect to local MySQL server through socket '/Applications/MAMP/tmp/mysql/mysql.sock' (2) in [/Users/adriencanterot/Sites/Cahier/cake/libs/model/datasources/dbo/dbo_mysql.php, line 552]
2011-04-25 17:53:31 Warning: Warning (2): mysql_select_db(): supplied argument is not a valid MySQL-Link resource in [/Users/adriencanterot/Sites/Cahier/cake/libs/model/datasources/dbo/dbo_mysql.php, line 558]
2011-04-25 17:53:31 Warning: Warning (2): mysql_get_server_info(): supplied argument is not a valid MySQL-Link resource in [/Users/adriencanterot/Sites/Cahier/cake/libs/model/datasources/dbo/dbo_mysql.php, line 566]
2011-04-25 17:53:31 Warning: Warning (2): mysql_query(): supplied argument is not a valid MySQL-Link resource in [/Users/adriencanterot/Sites/Cahier/cake/libs/model/datasources/dbo/dbo_mysql.php, line 600]
2011-04-25 17:53:31 Warning: Warning (2): Cannot modify header information - headers already sent by (output started at /Users/adriencanterot/Sites/Cahier/cake/libs/debugger.php:673) in [/Users/adriencanterot/Sites/Cahier/cake/libs/controller/controller.php, line 742]
2011-04-25 18:05:13 Warning: Warning (2): mysql_connect() [<a href='http://php.net/function.mysql-connect'>function.mysql-connect</a>]: Can't connect to local MySQL server through socket '/Applications/MAMP/tmp/mysql/mysql.sock' (2) in [/Users/adriencanterot/Sites/Cahier/cake/libs/model/datasources/dbo/dbo_mysql.php, line 552]
2011-04-25 18:05:13 Warning: Warning (2): mysql_select_db(): supplied argument is not a valid MySQL-Link resource in [/Users/adriencanterot/Sites/Cahier/cake/libs/model/datasources/dbo/dbo_mysql.php, line 558]
2011-04-25 18:05:13 Warning: Warning (2): mysql_get_server_info(): supplied argument is not a valid MySQL-Link resource in [/Users/adriencanterot/Sites/Cahier/cake/libs/model/datasources/dbo/dbo_mysql.php, line 566]
2011-04-25 18:05:13 Warning: Warning (2): mysql_query(): supplied argument is not a valid MySQL-Link resource in [/Users/adriencanterot/Sites/Cahier/cake/libs/model/datasources/dbo/dbo_mysql.php, line 600]
2011-04-25 18:05:13 Warning: Warning (2): Cannot modify header information - headers already sent by (output started at /Users/adriencanterot/Sites/Cahier/cake/libs/debugger.php:673) in [/Users/adriencanterot/Sites/Cahier/cake/libs/controller/controller.php, line 742]
2011-04-25 18:09:17 Warning: Warning (2): mysql_connect() [<a href='http://php.net/function.mysql-connect'>function.mysql-connect</a>]: Can't connect to local MySQL server through socket '/Applications/MAMP/tmp/mysql/mysql.sock' (2) in [/Users/adriencanterot/Sites/Cahier/cake/libs/model/datasources/dbo/dbo_mysql.php, line 552]
2011-04-25 18:09:17 Warning: Warning (2): mysql_select_db(): supplied argument is not a valid MySQL-Link resource in [/Users/adriencanterot/Sites/Cahier/cake/libs/model/datasources/dbo/dbo_mysql.php, line 558]
2011-04-25 18:09:17 Warning: Warning (2): mysql_get_server_info(): supplied argument is not a valid MySQL-Link resource in [/Users/adriencanterot/Sites/Cahier/cake/libs/model/datasources/dbo/dbo_mysql.php, line 566]
2011-04-25 18:09:18 Warning: Warning (2): mysql_query(): supplied argument is not a valid MySQL-Link resource in [/Users/adriencanterot/Sites/Cahier/cake/libs/model/datasources/dbo/dbo_mysql.php, line 600]
2011-04-25 18:09:18 Warning: Warning (2): Cannot modify header information - headers already sent by (output started at /Users/adriencanterot/Sites/Cahier/cake/libs/debugger.php:673) in [/Users/adriencanterot/Sites/Cahier/cake/libs/controller/controller.php, line 742]
2011-04-25 21:18:03 Warning: Warning (512): Method FormHelper::date does not exist in [/Users/adriencanterot/Sites/Cahier/cake/libs/view/helper.php, line 154]
2011-04-25 21:19:40 Warning: Warning (512): Method FormHelper::date does not exist in [/Users/adriencanterot/Sites/Cahier/cake/libs/view/helper.php, line 154]
2011-04-25 21:19:42 Warning: Warning (512): Method FormHelper::date does not exist in [/Users/adriencanterot/Sites/Cahier/cake/libs/view/helper.php, line 154]
2011-04-25 21:24:38 Warning: Warning (2): array_merge() [<a href='http://php.net/function.array-merge'>function.array-merge</a>]: Argument #2 is not an array in [/Users/adriencanterot/Sites/Cahier/cake/libs/view/helpers/form.php, line 241]
2011-04-25 21:24:38 Warning: Warning (2): array_merge() [<a href='http://php.net/function.array-merge'>function.array-merge</a>]: Argument #2 is not an array in [/Users/adriencanterot/Sites/Cahier/cake/libs/view/helpers/form.php, line 716]
2011-04-25 21:42:21 Warning: Warning (2): Invalid argument supplied for foreach() in [/Users/adriencanterot/Sites/Cahier/app/views/elements/subjects_documents.ctp, line 1]
2011-04-25 21:42:58 Warning: Warning (2): Invalid argument supplied for foreach() in [/Users/adriencanterot/Sites/Cahier/app/views/elements/subjects_documents.ctp, line 1]
2011-04-25 21:44:08 Warning: Warning (2): Invalid argument supplied for foreach() in [/Users/adriencanterot/Sites/Cahier/app/views/elements/subjects_documents.ctp, line 1]
2011-04-25 21:44:09 Warning: Warning (2): Invalid argument supplied for foreach() in [/Users/adriencanterot/Sites/Cahier/app/views/elements/subjects_documents.ctp, line 1]
2011-04-25 21:44:10 Warning: Warning (2): Invalid argument supplied for foreach() in [/Users/adriencanterot/Sites/Cahier/app/views/elements/subjects_documents.ctp, line 1]
2011-04-25 21:44:22 Warning: Warning (2): Invalid argument supplied for foreach() in [/Users/adriencanterot/Sites/Cahier/app/views/elements/subjects_documents.ctp, line 1]
2011-04-25 21:44:25 Warning: Warning (2): Invalid argument supplied for foreach() in [/Users/adriencanterot/Sites/Cahier/app/views/elements/subjects_documents.ctp, line 1]
2011-04-25 21:44:27 Warning: Warning (2): Invalid argument supplied for foreach() in [/Users/adriencanterot/Sites/Cahier/app/views/elements/subjects_documents.ctp, line 1]
2011-04-25 21:44:28 Warning: Warning (2): Invalid argument supplied for foreach() in [/Users/adriencanterot/Sites/Cahier/app/views/elements/subjects_documents.ctp, line 1]
2011-04-25 21:46:06 Warning: Warning (2): Invalid argument supplied for foreach() in [/Users/adriencanterot/Sites/Cahier/app/views/elements/subjects_documents.ctp, line 1]
2011-04-25 21:46:07 Warning: Warning (2): Invalid argument supplied for foreach() in [/Users/adriencanterot/Sites/Cahier/app/views/elements/subjects_documents.ctp, line 1]
2011-04-25 21:46:25 Warning: Warning (2): Invalid argument supplied for foreach() in [/Users/adriencanterot/Sites/Cahier/app/views/elements/subjects_documents.ctp, line 1]
2011-04-25 21:46:25 Warning: Warning (2): Invalid argument supplied for foreach() in [/Users/adriencanterot/Sites/Cahier/app/views/elements/subjects_documents.ctp, line 1]
2011-04-25 21:49:02 Warning: Warning (2): Invalid argument supplied for foreach() in [/Users/adriencanterot/Sites/Cahier/app/views/elements/subjects_documents.ctp, line 1]
2011-04-25 21:49:03 Warning: Warning (2): Invalid argument supplied for foreach() in [/Users/adriencanterot/Sites/Cahier/app/views/elements/subjects_documents.ctp, line 1]
2011-04-25 21:49:05 Warning: Warning (2): Invalid argument supplied for foreach() in [/Users/adriencanterot/Sites/Cahier/app/views/elements/subjects_documents.ctp, line 1]
2011-04-25 21:51:35 Warning: Warning (2): Invalid argument supplied for foreach() in [/Users/adriencanterot/Sites/Cahier/app/views/elements/subjects_documents.ctp, line 1]
2011-04-25 21:51:37 Warning: Warning (2): Invalid argument supplied for foreach() in [/Users/adriencanterot/Sites/Cahier/app/views/elements/subjects_documents.ctp, line 1]
2011-04-25 21:51:37 Warning: Warning (2): Invalid argument supplied for foreach() in [/Users/adriencanterot/Sites/Cahier/app/views/elements/subjects_documents.ctp, line 1]
2011-04-25 21:51:38 Warning: Warning (2): Invalid argument supplied for foreach() in [/Users/adriencanterot/Sites/Cahier/app/views/elements/subjects_documents.ctp, line 1]
2011-04-25 21:51:38 Warning: Warning (2): Invalid argument supplied for foreach() in [/Users/adriencanterot/Sites/Cahier/app/views/elements/subjects_documents.ctp, line 1]
2011-04-25 21:51:39 Warning: Warning (2): Invalid argument supplied for foreach() in [/Users/adriencanterot/Sites/Cahier/app/views/elements/subjects_documents.ctp, line 1]
2011-04-25 21:51:59 Warning: Warning (2): Invalid argument supplied for foreach() in [/Users/adriencanterot/Sites/Cahier/app/views/elements/subjects_documents.ctp, line 1]
2011-04-25 21:52:00 Warning: Warning (2): Invalid argument supplied for foreach() in [/Users/adriencanterot/Sites/Cahier/app/views/elements/subjects_documents.ctp, line 1]
2011-04-25 21:52:19 Warning: Warning (2): Invalid argument supplied for foreach() in [/Users/adriencanterot/Sites/Cahier/app/views/elements/subjects_documents.ctp, line 1]
2011-04-25 21:52:29 Warning: Warning (2): Invalid argument supplied for foreach() in [/Users/adriencanterot/Sites/Cahier/app/views/elements/subjects_documents.ctp, line 1]
2011-04-25 21:53:18 Warning: Warning (2): Invalid argument supplied for foreach() in [/Users/adriencanterot/Sites/Cahier/app/views/elements/subjects_documents.ctp, line 1]
2011-04-25 21:53:19 Warning: Warning (2): Invalid argument supplied for foreach() in [/Users/adriencanterot/Sites/Cahier/app/views/elements/subjects_documents.ctp, line 1]
